This is pdfTeX, Version 3.141592653-2.6-1.40.26 (MiKTeX 24.4) (preloaded format=pdflatex 2025.2.20)  26 APR 2025 12:19
entering extended mode
 restricted \write18 enabled.
 file:line:error style messages enabled.
 %&-line parsing enabled.
**"c:/Users/Richard/OneDrive - ViaUC/Arbejde/GitHub/MSE_book_v2/main.tex"
(c:/Users/Richard/OneDrive - ViaUC/Arbejde/GitHub/MSE_book_v2/main.tex
LaTeX2e <2024-11-01> patch level 2
L3 programming layer <2025-01-18>
(elegantbook.cls
Document Class: elegantbook 2022/04/09 v4.3 ElegantBook document class
(C:\Users\Richard\AppData\Local\Programs\MiKTeX\tex/latex/amsmath\amsmath.sty
Package: amsmath 2024/11/05 v2.17t AMS math features
\@mathmargin=\skip49

For additional information on amsmath, use the `?' option.
(C:\Users\Richard\AppData\Local\Programs\MiKTeX\tex/latex/amsmath\amstext.sty
Package: amstext 2021/08/26 v2.01 AMS text
 (C:\Users\Richard\AppData\Local\Programs\MiKTeX\tex/latex/amsmath\amsgen.sty
File: amsgen.sty 1999/11/30 v2.0 generic functions
\@emptytoks=\toks17
\ex@=\dimen141
)) (C:\Users\Richard\AppData\Local\Programs\MiKTeX\tex/latex/amsmath\amsbsy.sty
Package: amsbsy 1999/11/29 v1.2d Bold Symbols
\pmbraise@=\dimen142
) (C:\Users\Richard\AppData\Local\Programs\MiKTeX\tex/latex/amsmath\amsopn.sty
Package: amsopn 2022/04/08 v2.04 operator names
)
\inf@bad=\count196
LaTeX Info: Redefining \frac on input line 233.
\uproot@=\count197
\leftroot@=\count198
LaTeX Info: Redefining \overline on input line 398.
LaTeX Info: Redefining \colon on input line 409.
\classnum@=\count199
\DOTSCASE@=\count266
LaTeX Info: Redefining \ldots on input line 495.
LaTeX Info: Redefining \dots on input line 498.
LaTeX Info: Redefining \cdots on input line 619.
\Mathstrutbox@=\box52
\strutbox@=\box53
LaTeX Info: Redefining \big on input line 721.
LaTeX Info: Redefining \Big on input line 722.
LaTeX Info: Redefining \bigg on input line 723.
LaTeX Info: Redefining \Bigg on input line 724.
\big@size=\dimen143
LaTeX Font Info:    Redeclaring font encoding OML on input line 742.
LaTeX Font Info:    Redeclaring font encoding OMS on input line 743.
\macc@depth=\count267
LaTeX Info: Redefining \bmod on input line 904.
LaTeX Info: Redefining \pmod on input line 909.
LaTeX Info: Redefining \smash on input line 939.
LaTeX Info: Redefining \relbar on input line 969.
LaTeX Info: Redefining \Relbar on input line 970.
\c@MaxMatrixCols=\count268
\dotsspace@=\muskip17
\c@parentequation=\count269
\dspbrk@lvl=\count270
\tag@help=\toks18
\row@=\count271
\column@=\count272
\maxfields@=\count273
\andhelp@=\toks19
\eqnshift@=\dimen144
\alignsep@=\dimen145
\tagshift@=\dimen146
\tagwidth@=\dimen147
\totwidth@=\dimen148
\lineht@=\dimen149
\@envbody=\toks20
\multlinegap=\skip50
\multlinetaggap=\skip51
\mathdisplay@stack=\toks21
LaTeX Info: Redefining \[ on input line 2953.
LaTeX Info: Redefining \] on input line 2954.
) (C:\Users\Richard\AppData\Local\Programs\MiKTeX\tex/latex/amsfonts\amssymb.sty
Package: amssymb 2013/01/14 v3.01 AMS font symbols
 (C:\Users\Richard\AppData\Local\Programs\MiKTeX\tex/latex/amsfonts\amsfonts.sty
Package: amsfonts 2013/01/14 v3.01 Basic AMSFonts support
\symAMSa=\mathgroup4
\symAMSb=\mathgroup5
LaTeX Font Info:    Redeclaring math symbol \hbar on input line 98.
LaTeX Font Info:    Overwriting math alphabet `\mathfrak' in version `bold'
(Font)                  U/euf/m/n --> U/euf/b/n on input line 106.
)) (C:\Users\Richard\AppData\Local\Programs\MiKTeX\tex/fonts/ifsym\ifsym.sty
Package: ifsym 2000/04/18 I.Kloeckl
 (C:\Users\Richard\AppData\Local\Programs\MiKTeX\tex/latex/tools\calc.sty
Package: calc 2023/07/08 v4.3 Infix arithmetic (KKT,FJ)
\calc@Acount=\count274
\calc@Bcount=\count275
\calc@Adimen=\dimen150
\calc@Bdimen=\dimen151
\calc@Askip=\skip52
\calc@Bskip=\skip53
LaTeX Info: Redefining \setlength on input line 80.
LaTeX Info: Redefining \addtolength on input line 81.
\calc@Ccount=\count276
\calc@Cskip=\skip54
)
\c@ifsymcnt=\count277
) (C:\Users\Richard\AppData\Local\Programs\MiKTeX\tex/latex/kvoptions\kvoptions.sty
Package: kvoptions 2022-06-15 v3.15 Key value format for package options (HO)
 (C:\Users\Richard\AppData\Local\Programs\MiKTeX\tex/latex/graphics\keyval.sty
Package: keyval 2022/05/29 v1.15 key=value parser (DPC)
\KV@toks@=\toks22
) (C:\Users\Richard\AppData\Local\Programs\MiKTeX\tex/generic/ltxcmds\ltxcmds.sty
Package: ltxcmds 2023-12-04 v1.26 LaTeX kernel commands for general use (HO)
) (C:\Users\Richard\AppData\Local\Programs\MiKTeX\tex/latex/kvsetkeys\kvsetkeys.sty
Package: kvsetkeys 2022-10-05 v1.19 Key value parser (HO)
)) (C:\Users\Richard\AppData\Local\Programs\MiKTeX\tex/latex/etoolbox\etoolbox.sty
Package: etoolbox 2020/10/05 v2.5k e-TeX tools for LaTeX (JAW)
\etb@tempcnta=\count278
) (C:\Users\Richard\AppData\Local\Programs\MiKTeX\tex/latex/base\book.cls
Document Class: book 2024/06/29 v1.4n Standard LaTeX document class
(C:\Users\Richard\AppData\Local\Programs\MiKTeX\tex/latex/base\fleqn.clo
File: fleqn.clo 2016/12/29 v1.2b Standard LaTeX option (flush left equations)
\mathindent=\skip55
Applying: [2015/01/01] Make \[ robust on input line 50.
LaTeX Info: Redefining \[ on input line 51.
Already applied: [0000/00/00] Make \[ robust on input line 62.
Applying: [2015/01/01] Make \] robust on input line 74.
LaTeX Info: Redefining \] on input line 75.
Already applied: [0000/00/00] Make \] robust on input line 83.
) (C:\Users\Richard\AppData\Local\Programs\MiKTeX\tex/latex/base\bk11.clo
File: bk11.clo 2024/06/29 v1.4n Standard LaTeX file (size option)
)
\c@part=\count279
\c@chapter=\count280
\c@section=\count281
\c@subsection=\count282
\c@subsubsection=\count283
\c@paragraph=\count284
\c@subparagraph=\count285
\c@figure=\count286
\c@table=\count287
\abovecaptionskip=\skip56
\belowcaptionskip=\skip57
\bibindent=\dimen152
) (C:\Users\Richard\AppData\Local\Programs\MiKTeX\tex/latex/setspace\setspace.sty
Package: setspace 2022/12/04 v6.7b set line spacing
) (C:\Users\Richard\AppData\Local\Programs\MiKTeX\tex/latex/csquotes\csquotes.sty
Package: csquotes 2024-04-04 v5.2o context-sensitive quotations (JAW)
\csq@reset=\count288
\csq@gtype=\count289
\csq@glevel=\count290
\csq@qlevel=\count291
\csq@maxlvl=\count292
\csq@tshold=\count293
\csq@ltx@everypar=\toks23
 (C:\Users\Richard\AppData\Local\Programs\MiKTeX\tex/latex/csquotes\csquotes.def
File: csquotes.def 2024-04-04 v5.2o csquotes generic definitions (JAW)
)
Package csquotes Info: Trying to load configuration file 'csquotes.cfg'...
Package csquotes Info: ... configuration file loaded successfully.
 (C:\Users\Richard\AppData\Local\Programs\MiKTeX\tex/latex/csquotes\csquotes.cfg
File: csquotes.cfg 
)) (C:\Users\Richard\AppData\Local\Programs\MiKTeX\tex/latex/graphics\graphicx.sty
Package: graphicx 2021/09/16 v1.2d Enhanced LaTeX Graphics (DPC,SPQR)
 (C:\Users\Richard\AppData\Local\Programs\MiKTeX\tex/latex/graphics\graphics.sty
Package: graphics 2024/08/06 v1.4g Standard LaTeX Graphics (DPC,SPQR)
 (C:\Users\Richard\AppData\Local\Programs\MiKTeX\tex/latex/graphics\trig.sty
Package: trig 2023/12/02 v1.11 sin cos tan (DPC)
) (C:\Users\Richard\AppData\Local\Programs\MiKTeX\tex/latex/graphics-cfg\graphics.cfg
File: graphics.cfg 2016/06/04 v1.11 sample graphics configuration
)
Package graphics Info: Driver file: pdftex.def on input line 106.
 (C:\Users\Richard\AppData\Local\Programs\MiKTeX\tex/latex/graphics-def\pdftex.def
File: pdftex.def 2024/04/13 v1.2c Graphics/color driver for pdftex
))
\Gin@req@height=\dimen153
\Gin@req@width=\dimen154
) (C:\Users\Richard\AppData\Local\Programs\MiKTeX\tex/latex/hyperref\hyperref.sty
Package: hyperref 2024-11-05 v7.01l Hypertext links for LaTeX
 (C:\Users\Richard\AppData\Local\Programs\MiKTeX\tex/generic/iftex\iftex.sty
Package: iftex 2024/12/12 v1.0g TeX engine tests
) (C:\Users\Richard\AppData\Local\Programs\MiKTeX\tex/generic/kvdefinekeys\kvdefinekeys.sty
Package: kvdefinekeys 2019-12-19 v1.6 Define keys (HO)
) (C:\Users\Richard\AppData\Local\Programs\MiKTeX\tex/generic/pdfescape\pdfescape.sty
Package: pdfescape 2019/12/09 v1.15 Implements pdfTeX's escape features (HO)
 (C:\Users\Richard\AppData\Local\Programs\MiKTeX\tex/generic/pdftexcmds\pdftexcmds.sty
Package: pdftexcmds 2020-06-27 v0.33 Utility functions of pdfTeX for LuaTeX (HO)
 (C:\Users\Richard\AppData\Local\Programs\MiKTeX\tex/generic/infwarerr\infwarerr.sty
Package: infwarerr 2019/12/03 v1.5 Providing info/warning/error messages (HO)
)
Package pdftexcmds Info: \pdf@primitive is available.
Package pdftexcmds Info: \pdf@ifprimitive is available.
Package pdftexcmds Info: \pdfdraftmode found.
)) (C:\Users\Richard\AppData\Local\Programs\MiKTeX\tex/latex/hycolor\hycolor.sty
Package: hycolor 2020-01-27 v1.10 Color options for hyperref/bookmark (HO)
) (C:\Users\Richard\AppData\Local\Programs\MiKTeX\tex/latex/hyperref\nameref.sty
Package: nameref 2023-11-26 v2.56 Cross-referencing by name of section
 (C:\Users\Richard\AppData\Local\Programs\MiKTeX\tex/latex/refcount\refcount.sty
Package: refcount 2019/12/15 v3.6 Data extraction from label references (HO)
) (C:\Users\Richard\AppData\Local\Programs\MiKTeX\tex/generic/gettitlestring\gettitlestring.sty
Package: gettitlestring 2019/12/15 v1.6 Cleanup title references (HO)
)
\c@section@level=\count294
) (C:\Users\Richard\AppData\Local\Programs\MiKTeX\tex/generic/stringenc\stringenc.sty
Package: stringenc 2019/11/29 v1.12 Convert strings between diff. encodings (HO)
)
\@linkdim=\dimen155
\Hy@linkcounter=\count295
\Hy@pagecounter=\count296
 (C:\Users\Richard\AppData\Local\Programs\MiKTeX\tex/latex/hyperref\pd1enc.def
File: pd1enc.def 2024-11-05 v7.01l Hyperref: PDFDocEncoding definition (HO)
Now handling font encoding PD1 ...
... no UTF-8 mapping file for font encoding PD1
) (C:\Users\Richard\AppData\Local\Programs\MiKTeX\tex/generic/intcalc\intcalc.sty
Package: intcalc 2019/12/15 v1.3 Expandable calculations with integers (HO)
)
\Hy@SavedSpaceFactor=\count297
 (C:\Users\Richard\AppData\Local\Programs\MiKTeX\tex/latex/hyperref\puenc.def
File: puenc.def 2024-11-05 v7.01l Hyperref: PDF Unicode definition (HO)
Now handling font encoding PU ...
... no UTF-8 mapping file for font encoding PU
)
Package hyperref Info: Hyper figures OFF on input line 4157.
Package hyperref Info: Link nesting OFF on input line 4162.
Package hyperref Info: Hyper index ON on input line 4165.
Package hyperref Info: Plain pages OFF on input line 4172.
Package hyperref Info: Backreferencing OFF on input line 4177.
Package hyperref Info: Implicit mode ON; LaTeX internals redefined.
Package hyperref Info: Bookmarks ON on input line 4424.
\c@Hy@tempcnt=\count298
 (C:\Users\Richard\AppData\Local\Programs\MiKTeX\tex/latex/url\url.sty
\Urlmuskip=\muskip18
Package: url 2013/09/16  ver 3.4  Verb mode for urls, etc.
)
LaTeX Info: Redefining \url on input line 4763.
\XeTeXLinkMargin=\dimen156
 (C:\Users\Richard\AppData\Local\Programs\MiKTeX\tex/generic/bitset\bitset.sty
Package: bitset 2019/12/09 v1.3 Handle bit-vector datatype (HO)
 (C:\Users\Richard\AppData\Local\Programs\MiKTeX\tex/generic/bigintcalc\bigintcalc.sty
Package: bigintcalc 2019/12/15 v1.5 Expandable calculations on big integers (HO)
))
\Fld@menulength=\count299
\Field@Width=\dimen157
\Fld@charsize=\dimen158
Package hyperref Info: Hyper figures OFF on input line 6042.
Package hyperref Info: Link nesting OFF on input line 6047.
Package hyperref Info: Hyper index ON on input line 6050.
Package hyperref Info: backreferencing OFF on input line 6057.
Package hyperref Info: Link coloring OFF on input line 6062.
Package hyperref Info: Link coloring with OCG OFF on input line 6067.
Package hyperref Info: PDF/A mode OFF on input line 6072.
 (C:\Users\Richard\AppData\Local\Programs\MiKTeX\tex/latex/base\atbegshi-ltx.sty
Package: atbegshi-ltx 2021/01/10 v1.0c Emulation of the original atbegshi
package with kernel methods
)
\Hy@abspage=\count300
\c@Item=\count301
\c@Hfootnote=\count302
)
Package hyperref Info: Driver (autodetected): hpdftex.
 (C:\Users\Richard\AppData\Local\Programs\MiKTeX\tex/latex/hyperref\hpdftex.def
File: hpdftex.def 2024-11-05 v7.01l Hyperref driver for pdfTeX
 (C:\Users\Richard\AppData\Local\Programs\MiKTeX\tex/latex/base\atveryend-ltx.sty
Package: atveryend-ltx 2020/08/19 v1.0a Emulation of the original atveryend package
with kernel methods
)
\Fld@listcount=\count303
\c@bookmark@seq@number=\count304
 (C:\Users\Richard\AppData\Local\Programs\MiKTeX\tex/latex/rerunfilecheck\rerunfilecheck.sty
Package: rerunfilecheck 2022-07-10 v1.10 Rerun checks for auxiliary files (HO)
 (C:\Users\Richard\AppData\Local\Programs\MiKTeX\tex/generic/uniquecounter\uniquecounter.sty
Package: uniquecounter 2019/12/15 v1.4 Provide unlimited unique counter (HO)
)
Package uniquecounter Info: New unique counter `rerunfilecheck' on input line 285.
)
\Hy@SectionHShift=\skip58
)
Package hyperref Info: Option `breaklinks' set `true' on input line 150.
Package hyperref Info: Option `unicode' set `true' on input line 150.
Package hyperref Info: Option `bookmarksnumbered' set `true' on input line 150.
Package hyperref Info: Option `bookmarksopen' set `true' on input line 150.
Package hyperref Info: Option `colorlinks' set `true' on input line 150.
Package hyperref Info: Option `plainpages' set `false' on input line 150.
Package hyperref Info: Option `linktocpage' set `true' on input line 150.
 (C:\Users\Richard\AppData\Local\Programs\MiKTeX\tex/latex/geometry\geometry.sty
Package: geometry 2020/01/02 v5.9 Page Geometry
 (C:\Users\Richard\AppData\Local\Programs\MiKTeX\tex/generic/iftex\ifvtex.sty
Package: ifvtex 2019/10/25 v1.7 ifvtex legacy package. Use iftex instead.
)
\Gm@cnth=\count305
\Gm@cntv=\count306
\c@Gm@tempcnt=\count307
\Gm@bindingoffset=\dimen159
\Gm@wd@mp=\dimen160
\Gm@odd@mp=\dimen161
\Gm@even@mp=\dimen162
\Gm@layoutwidth=\dimen163
\Gm@layoutheight=\dimen164
\Gm@layouthoffset=\dimen165
\Gm@layoutvoffset=\dimen166
\Gm@dimlist=\toks24
 (C:\Users\Richard\AppData\Local\Programs\MiKTeX\tex/latex/geometry\geometry.cfg)) (C:\Users\Richard\AppData\Local\Programs\MiKTeX\tex/latex/tools\indentfirst.sty
Package: indentfirst 2023/07/02 v1.03 Indent first paragraph (DPC)
) (C:\Users\Richard\AppData\Local\Programs\MiKTeX\tex/latex/comment\comment.sty
\CommentStream=\write3
 Excluding comment 'comment') (C:\Users\Richard\AppData\Local\Programs\MiKTeX\tex/latex/newtx\newtxtext.sty
Package: newtxtext 2024/04/01 v1.744(Michael Sharpe) latex and unicode latex support for TeXGyreTermesX
 `newtxtext' v1.744, 2024/04/01 Text macros taking advantage of TeXGyre Termes and its extensions (msharpe) (C:\Users\Richard\AppData\Local\Programs\MiKTeX\tex/latex/xpatch\xpatch.sty (C:\Users\Richard\AppData\Local\Programs\MiKTeX\tex/latex/l3kernel\expl3.sty
Package: expl3 2025-01-18 L3 programming layer (loader) 
 (C:\Users\Richard\AppData\Local\Programs\MiKTeX\tex/latex/l3backend\l3backend-pdftex.def
File: l3backend-pdftex.def 2024-05-08 L3 backend support: PDF output (pdfTeX)
\l__color_backend_stack_int=\count308
\l__pdf_internal_box=\box54
))
Package: xpatch 2020/03/25 v0.3a Extending etoolbox patching commands
 (C:\Users\Richard\AppData\Local\Programs\MiKTeX\tex/latex/l3packages/xparse\xparse.sty
Package: xparse 2024-08-16 L3 Experimental document command parser
)) (C:\Users\Richard\AppData\Local\Programs\MiKTeX\tex/latex/xcolor\xcolor.sty
Package: xcolor 2024/09/29 v3.02 LaTeX color extensions (UK)
 (C:\Users\Richard\AppData\Local\Programs\MiKTeX\tex/latex/graphics-cfg\color.cfg
File: color.cfg 2016/01/02 v1.6 sample color configuration
)
Package xcolor Info: Driver file: pdftex.def on input line 274.
 (C:\Users\Richard\AppData\Local\Programs\MiKTeX\tex/latex/graphics\mathcolor.ltx)
Package xcolor Info: Model `cmy' substituted by `cmy0' on input line 1349.
Package xcolor Info: Model `hsb' substituted by `rgb' on input line 1353.
Package xcolor Info: Model `RGB' extended on input line 1365.
Package xcolor Info: Model `HTML' substituted by `rgb' on input line 1367.
Package xcolor Info: Model `Hsb' substituted by `hsb' on input line 1368.
Package xcolor Info: Model `tHsb' substituted by `hsb' on input line 1369.
Package xcolor Info: Model `HSB' substituted by `hsb' on input line 1370.
Package xcolor Info: Model `Gray' substituted by `gray' on input line 1371.
Package xcolor Info: Model `wave' substituted by `hsb' on input line 1372.
) (C:\Users\Richard\AppData\Local\Programs\MiKTeX\tex/latex/xkeyval\xkeyval.sty
Package: xkeyval 2022/06/16 v2.9 package option processing (HA)
 (C:\Users\Richard\AppData\Local\Programs\MiKTeX\tex/generic/xkeyval\xkeyval.tex (C:\Users\Richard\AppData\Local\Programs\MiKTeX\tex/generic/xkeyval\xkvutils.tex
\XKV@toks=\toks25
\XKV@tempa@toks=\toks26
)
\XKV@depth=\count309
File: xkeyval.tex 2014/12/03 v2.7a key=value parser (HA)
)) (C:\Users\Richard\AppData\Local\Programs\MiKTeX\tex/latex/base\textcomp.sty
Package: textcomp 2024/04/24 v2.1b Standard LaTeX package
) (C:\Users\Richard\AppData\Local\Programs\MiKTeX\tex/latex/xstring\xstring.sty (C:\Users\Richard\AppData\Local\Programs\MiKTeX\tex/generic/xstring\xstring.tex
\xs_counta=\count310
\xs_countb=\count311
)
Package: xstring 2023/08/22 v1.86 String manipulations (CT)
) (C:\Users\Richard\AppData\Local\Programs\MiKTeX\tex/latex/base\ifthen.sty
Package: ifthen 2024/03/16 v1.1e Standard LaTeX ifthen package (DPC)
) (C:\Users\Richard\AppData\Local\Programs\MiKTeX\tex/latex/carlisle\scalefnt.sty)
LaTeX Font Info:    Setting ntxLF sub-encoding to TS1/0 on input line 24.
LaTeX Font Info:    Setting ntxTLF sub-encoding to TS1/0 on input line 24.
LaTeX Font Info:    Setting ntxOsF sub-encoding to TS1/0 on input line 24.
LaTeX Font Info:    Setting ntxTOsF sub-encoding to TS1/0 on input line 24.
 (C:\Users\Richard\AppData\Local\Programs\MiKTeX\tex/generic/binhex\binhex.tex)
\ntx@tmpcnta=\count312
\ntx@cnt=\count313
 (C:\Users\Richard\AppData\Local\Programs\MiKTeX\tex/latex/fontaxes\fontaxes.sty
Package: fontaxes 2020/07/21 v1.0e Font selection axes
LaTeX Info: Redefining \upshape on input line 29.
LaTeX Info: Redefining \itshape on input line 31.
LaTeX Info: Redefining \slshape on input line 33.
LaTeX Info: Redefining \swshape on input line 35.
LaTeX Info: Redefining \scshape on input line 37.
LaTeX Info: Redefining \sscshape on input line 39.
LaTeX Info: Redefining \ulcshape on input line 41.
LaTeX Info: Redefining \textsw on input line 47.
LaTeX Info: Redefining \textssc on input line 48.
LaTeX Info: Redefining \textulc on input line 49.
)
\tx@sixem=\dimen167
\tx@y=\dimen168
\tx@x=\dimen169
\tx@tmpdima=\dimen170
\tx@tmpdimb=\dimen171
\tx@tmpdimc=\dimen172
\tx@tmpdimd=\dimen173
\tx@tmpdime=\dimen174
\tx@tmpdimf=\dimen175
\tx@dimA=\dimen176
\tx@dimAA=\dimen177
\tx@dimB=\dimen178
\tx@dimBB=\dimen179
\tx@dimC=\dimen180
LaTeX Info: Redefining \oldstylenums on input line 902.
) (C:\Users\Richard\AppData\Local\Programs\MiKTeX\tex/latex/psnfss\helvet.sty
Package: helvet 2020/03/25 PSNFSS-v9.3 (WaS) 
) (C:\Users\Richard\AppData\Local\Programs\MiKTeX\tex/latex/anyfontsize\anyfontsize.sty
Package: anyfontsize 2007/11/22 anyfontsize.sty by pts
) (C:\Users\Richard\AppData\Local\Programs\MiKTeX\tex/latex/colortbl\colortbl.sty
Package: colortbl 2024/07/06 v1.0i Color table columns (DPC)
 (C:\Users\Richard\AppData\Local\Programs\MiKTeX\tex/latex/tools\array.sty
Package: array 2024/10/17 v2.6g Tabular extension package (FMi)
\col@sep=\dimen181
\ar@mcellbox=\box55
\extrarowheight=\dimen182
\NC@list=\toks27
\extratabsurround=\skip59
\backup@length=\skip60
\ar@cellbox=\box56
)
\everycr=\toks28
\minrowclearance=\skip61
\rownum=\count314
) (C:\Users\Richard\AppData\Local\Programs\MiKTeX\tex/latex/mwe\mwe.sty
Package: mwe 2018/03/30 v0.5 Package to support minimal working examples (MWE)
 (C:\Users\Richard\AppData\Local\Programs\MiKTeX\tex/latex/lipsum\lipsum.sty (C:\Users\Richard\AppData\Local\Programs\MiKTeX\tex/latex/l3packages/l3keys2e\l3keys2e.sty
Package: l3keys2e 2024-08-16 LaTeX2e option processing using LaTeX3 keys
)
Package: lipsum 2021-09-20 v2.7 150 paragraphs of Lorem Ipsum dummy text
\g__lipsum_par_int=\count315
\l__lipsum_a_int=\count316
\l__lipsum_b_int=\count317
 (C:\Users\Richard\AppData\Local\Programs\MiKTeX\tex/latex/lipsum\lipsum.ltd.tex)) (C:\Users\Richard\AppData\Local\Programs\MiKTeX\tex/latex/blindtext\blindtext.sty
Package: blindtext 2012/01/06 V2.0 blindtext-Package
 (C:\Users\Richard\AppData\Local\Programs\MiKTeX\tex/latex/tools\xspace.sty
Package: xspace 2014/10/28 v1.13 Space after command names (DPC,MH)
)
\c@blindtext=\count318
\c@Blindtext=\count319
\c@blind@countparstart=\count320
\blind@countxx=\count321
\blindtext@numBlindtext=\count322
\blind@countyy=\count323
\c@blindlist=\count324
\c@blindlistlevel=\count325
\c@blindlist@level=\count326
\blind@listitem=\count327
\c@blind@listcount=\count328
\c@blind@levelcount=\count329
\blind@mathformula=\count330
\blind@Mathformula=\count331
\c@blind@randomcount=\count332
\c@blind@randommax=\count333
\c@blind@pangramcount=\count334
\c@blind@pangrammax=\count335
)) (C:\Users\Richard\AppData\Local\Programs\MiKTeX\tex/latex/tools\enumerate.sty
Package: enumerate 2023/07/04 v3.00 enumerate extensions (DPC)
\@enLab=\toks29
) (C:\Users\Richard\AppData\Local\Programs\MiKTeX\tex/latex/enumitem\enumitem.sty
Package: enumitem 2025/02/06 v3.11 Customized lists
\labelindent=\skip62
\enit@outerparindent=\dimen183
\enit@toks=\toks30
\enit@inbox=\box57
\enit@count@id=\count336
\enitdp@description=\count337
) (C:\Users\Richard\AppData\Local\Programs\MiKTeX\tex/latex/caption\caption.sty
Package: caption 2023/08/05 v3.6o Customizing captions (AR)
 (C:\Users\Richard\AppData\Local\Programs\MiKTeX\tex/latex/caption\caption3.sty
Package: caption3 2023/07/31 v2.4d caption3 kernel (AR)
\caption@tempdima=\dimen184
\captionmargin=\dimen185
\caption@leftmargin=\dimen186
\caption@rightmargin=\dimen187
\caption@width=\dimen188
\caption@indent=\dimen189
\caption@parindent=\dimen190
\caption@hangindent=\dimen191
Package caption Info: Standard document class detected.
)
\c@caption@flags=\count338
\c@continuedfloat=\count339
Package caption Info: hyperref package is loaded.
) (C:\Users\Richard\AppData\Local\Programs\MiKTeX\tex/latex/jknappen\mathrsfs.sty
Package: mathrsfs 1996/01/01 Math RSFS package v1.0 (jk)
\symrsfs=\mathgroup6
) (C:\Users\Richard\AppData\Local\Programs\MiKTeX\tex/latex/booktabs\booktabs.sty
Package: booktabs 2020/01/12 v1.61803398 Publication quality tables
\heavyrulewidth=\dimen192
\lightrulewidth=\dimen193
\cmidrulewidth=\dimen194
\belowrulesep=\dimen195
\belowbottomsep=\dimen196
\aboverulesep=\dimen197
\abovetopsep=\dimen198
\cmidrulesep=\dimen199
\cmidrulekern=\dimen256
\defaultaddspace=\dimen257
\@cmidla=\count340
\@cmidlb=\count341
\@aboverulesep=\dimen258
\@belowrulesep=\dimen259
\@thisruleclass=\count342
\@lastruleclass=\count343
\@thisrulewidth=\dimen260
) (C:\Users\Richard\AppData\Local\Programs\MiKTeX\tex/latex/tools\multicol.sty
Package: multicol 2024/09/14 v1.9i multicolumn formatting (FMi)
\c@tracingmulticols=\count344
\mult@box=\box58
\multicol@leftmargin=\dimen261
\c@unbalance=\count345
\c@collectmore=\count346
\doublecol@number=\count347
\multicoltolerance=\count348
\multicolpretolerance=\count349
\full@width=\dimen262
\page@free=\dimen263
\premulticols=\dimen264
\postmulticols=\dimen265
\multicolsep=\skip63
\multicolbaselineskip=\skip64
\partial@page=\box59
\last@line=\box60
\mc@boxedresult=\box61
\maxbalancingoverflow=\dimen266
\mult@rightbox=\box62
\mult@grightbox=\box63
\mult@firstbox=\box64
\mult@gfirstbox=\box65
\@tempa=\box66
\@tempa=\box67
\@tempa=\box68
\@tempa=\box69
\@tempa=\box70
\@tempa=\box71
\@tempa=\box72
\@tempa=\box73
\@tempa=\box74
\@tempa=\box75
\@tempa=\box76
\@tempa=\box77
\@tempa=\box78
\@tempa=\box79
\@tempa=\box80
\@tempa=\box81
\@tempa=\box82
\@tempa=\box83
\@tempa=\box84
\@tempa=\box85
\@tempa=\box86
\@tempa=\box87
\@tempa=\box88
\@tempa=\box89
\@tempa=\box90
\@tempa=\box91
\@tempa=\box92
\@tempa=\box93
\@tempa=\box94
\@tempa=\box95
\@tempa=\box96
\@tempa=\box97
\@tempa=\box98
\@tempa=\box99
\@tempa=\box100
\@tempa=\box101
\c@minrows=\count350
\c@columnbadness=\count351
\c@finalcolumnbadness=\count352
\last@try=\dimen267
\multicolovershoot=\dimen268
\multicolundershoot=\dimen269
\mult@nat@firstbox=\box102
\colbreak@box=\box103
\mc@col@check@num=\count353
) (C:\Users\Richard\AppData\Local\Programs\MiKTeX\tex/latex/multirow\multirow.sty
Package: multirow 2024/11/12 v2.9 Span multiple rows of a table
\multirow@colwidth=\skip65
\multirow@cntb=\count354
\multirow@dima=\skip66
\bigstrutjot=\dimen270
) (C:\Users\Richard\AppData\Local\Programs\MiKTeX\tex/latex/fancyvrb\fancyvrb.sty
Package: fancyvrb 2024/01/20 4.5c verbatim text (tvz,hv)
\FV@CodeLineNo=\count355
\FV@InFile=\read2
\FV@TabBox=\box104
\c@FancyVerbLine=\count356
\FV@StepNumber=\count357
\FV@OutFile=\write4
) (C:\Users\Richard\AppData\Local\Programs\MiKTeX\tex/latex/makecell\makecell.sty
Package: makecell 2009/08/03 V0.1e Managing of Tab Column Heads and Cells
\rotheadsize=\dimen271
\c@nlinenum=\count358
\TeXr@lab=\toks31
) (C:\Users\Richard\AppData\Local\Programs\MiKTeX\tex/generic/hologo\hologo.sty
Package: hologo 2021-11-16 v1.15 A logo collection with bookmark support (HO)
) (C:\Users\Richard\AppData\Local\Programs\MiKTeX\tex/latex/titlesec\titlesec.sty
Package: titlesec 2025/01/04 v2.17 Sectioning titles
\ttl@box=\box105
\beforetitleunit=\skip67
\aftertitleunit=\skip68
\ttl@plus=\dimen272
\ttl@minus=\dimen273
\ttl@toksa=\toks32
\titlewidth=\dimen274
\titlewidthlast=\dimen275
\titlewidthfirst=\dimen276
 (C:\Users\Richard\AppData\Local\Programs\MiKTeX\tex/latex/titlesec\titleps.sty)) (C:\Users\Richard\AppData\Local\Programs\MiKTeX\tex/latex/appendix\appendix.sty
Package: appendix 2020/02/08 v1.2c extra appendix facilities
\c@@pps=\count359
\c@@ppsavesec=\count360
\c@@ppsaveapp=\count361
) (C:\Users\Richard\AppData\Local\Programs\MiKTeX\tex/latex/biblatex\biblatex.sty
Package: biblatex 2024/03/21 v3.20 programmable bibliographies (PK/MW)
 (C:\Users\Richard\AppData\Local\Programs\MiKTeX\tex/latex/logreq\logreq.sty
Package: logreq 2010/08/04 v1.0 xml request logger
\lrq@indent=\count362
 (C:\Users\Richard\AppData\Local\Programs\MiKTeX\tex/latex/logreq\logreq.def
File: logreq.def 2010/08/04 v1.0 logreq spec v1.0
))
\c@tabx@nest=\count363
\c@listtotal=\count364
\c@listcount=\count365
\c@liststart=\count366
\c@liststop=\count367
\c@citecount=\count368
\c@citetotal=\count369
\c@multicitecount=\count370
\c@multicitetotal=\count371
\c@instcount=\count372
\c@maxnames=\count373
\c@minnames=\count374
\c@maxitems=\count375
\c@minitems=\count376
\c@citecounter=\count377
\c@maxcitecounter=\count378
\c@savedcitecounter=\count379
\c@uniquelist=\count380
\c@uniquename=\count381
\c@refsection=\count382
\c@refsegment=\count383
\c@maxextratitle=\count384
\c@maxextratitleyear=\count385
\c@maxextraname=\count386
\c@maxextradate=\count387
\c@maxextraalpha=\count388
\c@abbrvpenalty=\count389
\c@highnamepenalty=\count390
\c@lownamepenalty=\count391
\c@maxparens=\count392
\c@parenlevel=\count393
\blx@tempcnta=\count394
\blx@tempcntb=\count395
\blx@tempcntc=\count396
\c@blx@maxsection=\count397
\blx@maxsegment@0=\count398
\blx@notetype=\count399
\blx@parenlevel@text=\count400
\blx@parenlevel@foot=\count401
\blx@sectionciteorder@0=\count402
\blx@sectionciteorderinternal@0=\count403
\blx@entrysetcounter=\count404
\blx@biblioinstance=\count405
\labelnumberwidth=\skip69
\labelalphawidth=\skip70
\biblabelsep=\skip71
\bibitemsep=\skip72
\bibnamesep=\skip73
\bibinitsep=\skip74
\bibparsep=\skip75
\bibhang=\skip76
\blx@bcfin=\read3
\blx@bcfout=\write5
\blx@langwohyphens=\language79
\c@mincomprange=\count406
\c@maxcomprange=\count407
\c@mincompwidth=\count408
Package biblatex Info: Trying to load biblatex default data model...
Package biblatex Info: ... file 'blx-dm.def' found.
 (C:\Users\Richard\AppData\Local\Programs\MiKTeX\tex/latex/biblatex\blx-dm.def
File: blx-dm.def 2024/03/21 v3.20 biblatex datamodel (PK/MW)
)
Package biblatex Info: Trying to load biblatex citestyle data model...
Package biblatex Info: ... file 'apa.dbx' found.
 (C:\Users\Richard\AppData\Local\Programs\MiKTeX\tex/latex/biblatex-apa\apa.dbx
File: apa.dbx 2023/03/20 v9.17 APA biblatex style data model
)
Package biblatex Info: Trying to load biblatex custom data model...
Package biblatex Info: ... file 'biblatex-dm.cfg' not found.
\c@afterword=\count409
\c@savedafterword=\count410
\c@annotator=\count411
\c@savedannotator=\count412
\c@author=\count413
\c@savedauthor=\count414
\c@bookauthor=\count415
\c@savedbookauthor=\count416
\c@commentator=\count417
\c@savedcommentator=\count418
\c@editor=\count419
\c@savededitor=\count420
\c@editora=\count421
\c@savededitora=\count422
\c@editorb=\count423
\c@savededitorb=\count424
\c@editorc=\count425
\c@savededitorc=\count426
\c@foreword=\count427
\c@savedforeword=\count428
\c@holder=\count429
\c@savedholder=\count430
\c@introduction=\count431
\c@savedintroduction=\count432
\c@namea=\count433
\c@savednamea=\count434
\c@nameb=\count435
\c@savednameb=\count436
\c@namec=\count437
\c@savednamec=\count438
\c@translator=\count439
\c@savedtranslator=\count440
\c@shortauthor=\count441
\c@savedshortauthor=\count442
\c@shorteditor=\count443
\c@savedshorteditor=\count444
\c@narrator=\count445
\c@savednarrator=\count446
\c@execproducer=\count447
\c@savedexecproducer=\count448
\c@execdirector=\count449
\c@savedexecdirector=\count450
\c@with=\count451
\c@savedwith=\count452
\c@labelname=\count453
\c@savedlabelname=\count454
\c@institution=\count455
\c@savedinstitution=\count456
\c@lista=\count457
\c@savedlista=\count458
\c@listb=\count459
\c@savedlistb=\count460
\c@listc=\count461
\c@savedlistc=\count462
\c@listd=\count463
\c@savedlistd=\count464
\c@liste=\count465
\c@savedliste=\count466
\c@listf=\count467
\c@savedlistf=\count468
\c@location=\count469
\c@savedlocation=\count470
\c@organization=\count471
\c@savedorganization=\count472
\c@origlocation=\count473
\c@savedoriglocation=\count474
\c@origpublisher=\count475
\c@savedorigpublisher=\count476
\c@publisher=\count477
\c@savedpublisher=\count478
\c@language=\count479
\c@savedlanguage=\count480
\c@origlanguage=\count481
\c@savedoriglanguage=\count482
\c@citation=\count483
\c@savedcitation=\count484
\c@pageref=\count485
\c@savedpageref=\count486
\shorthandwidth=\skip77
\shortjournalwidth=\skip78
\shortserieswidth=\skip79
\shorttitlewidth=\skip80
\shortauthorwidth=\skip81
\shorteditorwidth=\skip82
\locallabelnumberwidth=\skip83
\locallabelalphawidth=\skip84
\localshorthandwidth=\skip85
\localshortjournalwidth=\skip86
\localshortserieswidth=\skip87
\localshorttitlewidth=\skip88
\localshortauthorwidth=\skip89
\localshorteditorwidth=\skip90
Package biblatex Info: Trying to load compatibility code...
Package biblatex Info: ... file 'blx-compat.def' found.
 (C:\Users\Richard\AppData\Local\Programs\MiKTeX\tex/latex/biblatex\blx-compat.def
File: blx-compat.def 2024/03/21 v3.20 biblatex compatibility (PK/MW)
)
Package biblatex Info: Trying to load generic definitions...
Package biblatex Info: ... file 'biblatex.def' found.
 (C:\Users\Richard\AppData\Local\Programs\MiKTeX\tex/latex/biblatex\biblatex.def
File: biblatex.def 2024/03/21 v3.20 biblatex compatibility (PK/MW)
\c@textcitecount=\count487
\c@textcitetotal=\count488
\c@textcitemaxnames=\count489
\c@biburlbigbreakpenalty=\count490
\c@biburlbreakpenalty=\count491
\c@biburlnumpenalty=\count492
\c@biburlucpenalty=\count493
\c@biburllcpenalty=\count494
\biburlbigskip=\muskip19
\biburlnumskip=\muskip20
\biburlucskip=\muskip21
\biburllcskip=\muskip22
\c@smartand=\count495
)
Package biblatex Info: Trying to load bibliography style 'apa'...
Package biblatex Info: ... file 'apa.bbx' found.
 (C:\Users\Richard\AppData\Local\Programs\MiKTeX\tex/latex/biblatex-apa\apa.bbx
File: apa.bbx 2023/03/20 v9.17 APA biblatex references style
Package biblatex Info: Trying to load bibliography style 'standard'...
Package biblatex Info: ... file 'standard.bbx' found.
 (C:\Users\Richard\AppData\Local\Programs\MiKTeX\tex/latex/biblatex/bbx\standard.bbx
File: standard.bbx 2024/03/21 v3.20 biblatex bibliography style (PK/MW)
\c@bbx:relatedcount=\count496
\c@bbx:relatedtotal=\count497
)
Package biblatex Info: Delimiter 'nameyeardelim' in context 'bib' already defined, overwriting.
Package biblatex Info: Delimiter 'nameyeardelim' in context 'biblist' already defined, overwriting.
Package biblatex Info: Delimiter 'nonameyeardelim' in context 'bib' already defined, overwriting.
Package biblatex Info: Delimiter 'nonameyeardelim' in context 'biblist' already defined, overwriting.
)
Package biblatex Info: Trying to load citation style 'apa'...
Package biblatex Info: ... file 'apa.cbx' found.
 (C:\Users\Richard\AppData\Local\Programs\MiKTeX\tex/latex/biblatex-apa\apa.cbx
File: apa.cbx 2023/03/20 v9.17 APA biblatex citation style
Package biblatex Info: Delimiter 'nameyeardelim' in context '' already defined, overwriting.
Package biblatex Info: Delimiter 'andothersdelim' in context '' already defined, overwriting.
Package biblatex Info: Redefining '\fullcite'.
Package biblatex Info: Redefining '\citeauthor'.
Package biblatex Info: Redefining '\citeyear'.
Package biblatex Info: Redefining '\cite'.
Package biblatex Info: Redefining '\cites'.
Package biblatex Info: Redefining '\parencite'.
Package biblatex Info: Redefining '\parencites'.
Package biblatex Info: Redefining '\footcite'.
Package biblatex Info: Redefining '\footcites'.
Package biblatex Info: Redefining '\footcitetext'.
Package biblatex Info: Redefining '\footcitetexts'.
Package biblatex Info: Redefining '\smartcite'.
Package biblatex Info: Redefining '\smartcites'.
Package biblatex Info: Redefining '\textcite'.
Package biblatex Info: Redefining '\textcites'.
)
Package biblatex Info: Trying to load configuration file...
Package biblatex Info: ... file 'biblatex.cfg' found.
 (C:\Users\Richard\AppData\Local\Programs\MiKTeX\tex/latex/biblatex\biblatex.cfg
File: biblatex.cfg 
)
Package biblatex Info: Input encoding 'utf8' detected.
Package biblatex Info: Document encoding is UTF8 ....
Package biblatex Info: ... and expl3
(biblatex)             2025-01-18 L3 programming layer (loader) 
(biblatex)             is new enough (at least 2020/04/06),
(biblatex)             setting 'casechanger=expl3'.
 (C:\Users\Richard\AppData\Local\Programs\MiKTeX\tex/latex/biblatex\blx-case-expl3.sty
Package: blx-case-expl3 2024/03/21 v3.20 expl3 case changing code for biblatex
)) (C:\Users\Richard\AppData\Local\Programs\MiKTeX\tex/latex/pgf/frontendlayer\tikz.sty (C:\Users\Richard\AppData\Local\Programs\MiKTeX\tex/latex/pgf/basiclayer\pgf.sty (C:\Users\Richard\AppData\Local\Programs\MiKTeX\tex/latex/pgf/utilities\pgfrcs.sty (C:\Users\Richard\AppData\Local\Programs\MiKTeX\tex/generic/pgf/utilities\pgfutil-common.tex
\pgfutil@everybye=\toks33
\pgfutil@tempdima=\dimen277
\pgfutil@tempdimb=\dimen278
) (C:\Users\Richard\AppData\Local\Programs\MiKTeX\tex/generic/pgf/utilities\pgfutil-latex.def
\pgfutil@abb=\box106
) (C:\Users\Richard\AppData\Local\Programs\MiKTeX\tex/generic/pgf/utilities\pgfrcs.code.tex (C:\Users\Richard\AppData\Local\Programs\MiKTeX\tex/generic/pgf\pgf.revision.tex)
Package: pgfrcs 2023-01-15 v3.1.10 (3.1.10)
))
Package: pgf 2023-01-15 v3.1.10 (3.1.10)
 (C:\Users\Richard\AppData\Local\Programs\MiKTeX\tex/latex/pgf/basiclayer\pgfcore.sty (C:\Users\Richard\AppData\Local\Programs\MiKTeX\tex/latex/pgf/systemlayer\pgfsys.sty (C:\Users\Richard\AppData\Local\Programs\MiKTeX\tex/generic/pgf/systemlayer\pgfsys.code.tex
Package: pgfsys 2023-01-15 v3.1.10 (3.1.10)
 (C:\Users\Richard\AppData\Local\Programs\MiKTeX\tex/generic/pgf/utilities\pgfkeys.code.tex
\pgfkeys@pathtoks=\toks34
\pgfkeys@temptoks=\toks35
 (C:\Users\Richard\AppData\Local\Programs\MiKTeX\tex/generic/pgf/utilities\pgfkeyslibraryfiltered.code.tex
\pgfkeys@tmptoks=\toks36
))
\pgf@x=\dimen279
\pgf@y=\dimen280
\pgf@xa=\dimen281
\pgf@ya=\dimen282
\pgf@xb=\dimen283
\pgf@yb=\dimen284
\pgf@xc=\dimen285
\pgf@yc=\dimen286
\pgf@xd=\dimen287
\pgf@yd=\dimen288
\w@pgf@writea=\write6
\r@pgf@reada=\read4
\c@pgf@counta=\count498
\c@pgf@countb=\count499
\c@pgf@countc=\count500
\c@pgf@countd=\count501
\t@pgf@toka=\toks37
\t@pgf@tokb=\toks38
\t@pgf@tokc=\toks39
\pgf@sys@id@count=\count502
 (C:\Users\Richard\AppData\Local\Programs\MiKTeX\tex/generic/pgf/systemlayer\pgf.cfg
File: pgf.cfg 2023-01-15 v3.1.10 (3.1.10)
)
Driver file for pgf: pgfsys-pdftex.def
 (C:\Users\Richard\AppData\Local\Programs\MiKTeX\tex/generic/pgf/systemlayer\pgfsys-pdftex.def
File: pgfsys-pdftex.def 2023-01-15 v3.1.10 (3.1.10)
 (C:\Users\Richard\AppData\Local\Programs\MiKTeX\tex/generic/pgf/systemlayer\pgfsys-common-pdf.def
File: pgfsys-common-pdf.def 2023-01-15 v3.1.10 (3.1.10)
))) (C:\Users\Richard\AppData\Local\Programs\MiKTeX\tex/generic/pgf/systemlayer\pgfsyssoftpath.code.tex
File: pgfsyssoftpath.code.tex 2023-01-15 v3.1.10 (3.1.10)
\pgfsyssoftpath@smallbuffer@items=\count503
\pgfsyssoftpath@bigbuffer@items=\count504
) (C:\Users\Richard\AppData\Local\Programs\MiKTeX\tex/generic/pgf/systemlayer\pgfsysprotocol.code.tex
File: pgfsysprotocol.code.tex 2023-01-15 v3.1.10 (3.1.10)
)) (C:\Users\Richard\AppData\Local\Programs\MiKTeX\tex/generic/pgf/basiclayer\pgfcore.code.tex
Package: pgfcore 2023-01-15 v3.1.10 (3.1.10)
 (C:\Users\Richard\AppData\Local\Programs\MiKTeX\tex/generic/pgf/math\pgfmath.code.tex (C:\Users\Richard\AppData\Local\Programs\MiKTeX\tex/generic/pgf/math\pgfmathutil.code.tex) (C:\Users\Richard\AppData\Local\Programs\MiKTeX\tex/generic/pgf/math\pgfmathparser.code.tex
\pgfmath@dimen=\dimen289
\pgfmath@count=\count505
\pgfmath@box=\box107
\pgfmath@toks=\toks40
\pgfmath@stack@operand=\toks41
\pgfmath@stack@operation=\toks42
) (C:\Users\Richard\AppData\Local\Programs\MiKTeX\tex/generic/pgf/math\pgfmathfunctions.code.tex) (C:\Users\Richard\AppData\Local\Programs\MiKTeX\tex/generic/pgf/math\pgfmathfunctions.basic.code.tex) (C:\Users\Richard\AppData\Local\Programs\MiKTeX\tex/generic/pgf/math\pgfmathfunctions.trigonometric.code.tex) (C:\Users\Richard\AppData\Local\Programs\MiKTeX\tex/generic/pgf/math\pgfmathfunctions.random.code.tex)
(C:\Users\Richard\AppData\Local\Programs\MiKTeX\tex/generic/pgf/math\pgfmathfunctions.comparison.code.tex) (C:\Users\Richard\AppData\Local\Programs\MiKTeX\tex/generic/pgf/math\pgfmathfunctions.base.code.tex) (C:\Users\Richard\AppData\Local\Programs\MiKTeX\tex/generic/pgf/math\pgfmathfunctions.round.code.tex) (C:\Users\Richard\AppData\Local\Programs\MiKTeX\tex/generic/pgf/math\pgfmathfunctions.misc.code.tex) (C:\Users\Richard\AppData\Local\Programs\MiKTeX\tex/generic/pgf/math\pgfmathfunctions.integerarithmetics.code.tex) (C:\Users\Richard\AppData\Local\Programs\MiKTeX\tex/generic/pgf/math\pgfmathcalc.code.tex) (C:\Users\Richard\AppData\Local\Programs\MiKTeX\tex/generic/pgf/math\pgfmathfloat.code.tex
\c@pgfmathroundto@lastzeros=\count506
)) (C:\Users\Richard\AppData\Local\Programs\MiKTeX\tex/generic/pgf/math\pgfint.code.tex) (C:\Users\Richard\AppData\Local\Programs\MiKTeX\tex/generic/pgf/basiclayer\pgfcorepoints.code.tex
File: pgfcorepoints.code.tex 2023-01-15 v3.1.10 (3.1.10)
\pgf@picminx=\dimen290
\pgf@picmaxx=\dimen291
\pgf@picminy=\dimen292
\pgf@picmaxy=\dimen293
\pgf@pathminx=\dimen294
\pgf@pathmaxx=\dimen295
\pgf@pathminy=\dimen296
\pgf@pathmaxy=\dimen297
\pgf@xx=\dimen298
\pgf@xy=\dimen299
\pgf@yx=\dimen300
\pgf@yy=\dimen301
\pgf@zx=\dimen302
\pgf@zy=\dimen303
) (C:\Users\Richard\AppData\Local\Programs\MiKTeX\tex/generic/pgf/basiclayer\pgfcorepathconstruct.code.tex
File: pgfcorepathconstruct.code.tex 2023-01-15 v3.1.10 (3.1.10)
\pgf@path@lastx=\dimen304
\pgf@path@lasty=\dimen305
) (C:\Users\Richard\AppData\Local\Programs\MiKTeX\tex/generic/pgf/basiclayer\pgfcorepathusage.code.tex
File: pgfcorepathusage.code.tex 2023-01-15 v3.1.10 (3.1.10)
\pgf@shorten@end@additional=\dimen306
\pgf@shorten@start@additional=\dimen307
) (C:\Users\Richard\AppData\Local\Programs\MiKTeX\tex/generic/pgf/basiclayer\pgfcorescopes.code.tex
File: pgfcorescopes.code.tex 2023-01-15 v3.1.10 (3.1.10)
\pgfpic=\box108
\pgf@hbox=\box109
\pgf@layerbox@main=\box110
\pgf@picture@serial@count=\count507
) (C:\Users\Richard\AppData\Local\Programs\MiKTeX\tex/generic/pgf/basiclayer\pgfcoregraphicstate.code.tex
File: pgfcoregraphicstate.code.tex 2023-01-15 v3.1.10 (3.1.10)
\pgflinewidth=\dimen308
) (C:\Users\Richard\AppData\Local\Programs\MiKTeX\tex/generic/pgf/basiclayer\pgfcoretransformations.code.tex
File: pgfcoretransformations.code.tex 2023-01-15 v3.1.10 (3.1.10)
\pgf@pt@x=\dimen309
\pgf@pt@y=\dimen310
\pgf@pt@temp=\dimen311
) (C:\Users\Richard\AppData\Local\Programs\MiKTeX\tex/generic/pgf/basiclayer\pgfcorequick.code.tex
File: pgfcorequick.code.tex 2023-01-15 v3.1.10 (3.1.10)
) (C:\Users\Richard\AppData\Local\Programs\MiKTeX\tex/generic/pgf/basiclayer\pgfcoreobjects.code.tex
File: pgfcoreobjects.code.tex 2023-01-15 v3.1.10 (3.1.10)
) (C:\Users\Richard\AppData\Local\Programs\MiKTeX\tex/generic/pgf/basiclayer\pgfcorepathprocessing.code.tex
File: pgfcorepathprocessing.code.tex 2023-01-15 v3.1.10 (3.1.10)
) (C:\Users\Richard\AppData\Local\Programs\MiKTeX\tex/generic/pgf/basiclayer\pgfcorearrows.code.tex
File: pgfcorearrows.code.tex 2023-01-15 v3.1.10 (3.1.10)
\pgfarrowsep=\dimen312
) (C:\Users\Richard\AppData\Local\Programs\MiKTeX\tex/generic/pgf/basiclayer\pgfcoreshade.code.tex
File: pgfcoreshade.code.tex 2023-01-15 v3.1.10 (3.1.10)
\pgf@max=\dimen313
\pgf@sys@shading@range@num=\count508
\pgf@shadingcount=\count509
) (C:\Users\Richard\AppData\Local\Programs\MiKTeX\tex/generic/pgf/basiclayer\pgfcoreimage.code.tex
File: pgfcoreimage.code.tex 2023-01-15 v3.1.10 (3.1.10)
) (C:\Users\Richard\AppData\Local\Programs\MiKTeX\tex/generic/pgf/basiclayer\pgfcoreexternal.code.tex
File: pgfcoreexternal.code.tex 2023-01-15 v3.1.10 (3.1.10)
\pgfexternal@startupbox=\box111
) (C:\Users\Richard\AppData\Local\Programs\MiKTeX\tex/generic/pgf/basiclayer\pgfcorelayers.code.tex
File: pgfcorelayers.code.tex 2023-01-15 v3.1.10 (3.1.10)
) (C:\Users\Richard\AppData\Local\Programs\MiKTeX\tex/generic/pgf/basiclayer\pgfcoretransparency.code.tex
File: pgfcoretransparency.code.tex 2023-01-15 v3.1.10 (3.1.10)
) (C:\Users\Richard\AppData\Local\Programs\MiKTeX\tex/generic/pgf/basiclayer\pgfcorepatterns.code.tex
File: pgfcorepatterns.code.tex 2023-01-15 v3.1.10 (3.1.10)
) (C:\Users\Richard\AppData\Local\Programs\MiKTeX\tex/generic/pgf/basiclayer\pgfcorerdf.code.tex
File: pgfcorerdf.code.tex 2023-01-15 v3.1.10 (3.1.10)
))) (C:\Users\Richard\AppData\Local\Programs\MiKTeX\tex/generic/pgf/modules\pgfmoduleshapes.code.tex
File: pgfmoduleshapes.code.tex 2023-01-15 v3.1.10 (3.1.10)
\pgfnodeparttextbox=\box112
) (C:\Users\Richard\AppData\Local\Programs\MiKTeX\tex/generic/pgf/modules\pgfmoduleplot.code.tex
File: pgfmoduleplot.code.tex 2023-01-15 v3.1.10 (3.1.10)
) (C:\Users\Richard\AppData\Local\Programs\MiKTeX\tex/latex/pgf/compatibility\pgfcomp-version-0-65.sty
Package: pgfcomp-version-0-65 2023-01-15 v3.1.10 (3.1.10)
\pgf@nodesepstart=\dimen314
\pgf@nodesepend=\dimen315
) (C:\Users\Richard\AppData\Local\Programs\MiKTeX\tex/latex/pgf/compatibility\pgfcomp-version-1-18.sty
Package: pgfcomp-version-1-18 2023-01-15 v3.1.10 (3.1.10)
)) (C:\Users\Richard\AppData\Local\Programs\MiKTeX\tex/latex/pgf/utilities\pgffor.sty (C:\Users\Richard\AppData\Local\Programs\MiKTeX\tex/latex/pgf/utilities\pgfkeys.sty (C:\Users\Richard\AppData\Local\Programs\MiKTeX\tex/generic/pgf/utilities\pgfkeys.code.tex)) (C:\Users\Richard\AppData\Local\Programs\MiKTeX\tex/latex/pgf/math\pgfmath.sty (C:\Users\Richard\AppData\Local\Programs\MiKTeX\tex/generic/pgf/math\pgfmath.code.tex)) (C:\Users\Richard\AppData\Local\Programs\MiKTeX\tex/generic/pgf/utilities\pgffor.code.tex
Package: pgffor 2023-01-15 v3.1.10 (3.1.10)
\pgffor@iter=\dimen316
\pgffor@skip=\dimen317
\pgffor@stack=\toks43
\pgffor@toks=\toks44
)) (C:\Users\Richard\AppData\Local\Programs\MiKTeX\tex/generic/pgf/frontendlayer/tikz\tikz.code.tex
Package: tikz 2023-01-15 v3.1.10 (3.1.10)
 (C:\Users\Richard\AppData\Local\Programs\MiKTeX\tex/generic/pgf/libraries\pgflibraryplothandlers.code.tex
File: pgflibraryplothandlers.code.tex 2023-01-15 v3.1.10 (3.1.10)
\pgf@plot@mark@count=\count510
\pgfplotmarksize=\dimen318
)
\tikz@lastx=\dimen319
\tikz@lasty=\dimen320
\tikz@lastxsaved=\dimen321
\tikz@lastysaved=\dimen322
\tikz@lastmovetox=\dimen323
\tikz@lastmovetoy=\dimen324
\tikzleveldistance=\dimen325
\tikzsiblingdistance=\dimen326
\tikz@figbox=\box113
\tikz@figbox@bg=\box114
\tikz@tempbox=\box115
\tikz@tempbox@bg=\box116
\tikztreelevel=\count511
\tikznumberofchildren=\count512
\tikznumberofcurrentchild=\count513
\tikz@fig@count=\count514
 (C:\Users\Richard\AppData\Local\Programs\MiKTeX\tex/generic/pgf/modules\pgfmodulematrix.code.tex
File: pgfmodulematrix.code.tex 2023-01-15 v3.1.10 (3.1.10)
\pgfmatrixcurrentrow=\count515
\pgfmatrixcurrentcolumn=\count516
\pgf@matrix@numberofcolumns=\count517
)
\tikz@expandcount=\count518
 (C:\Users\Richard\AppData\Local\Programs\MiKTeX\tex/generic/pgf/frontendlayer/tikz/libraries\tikzlibrarytopaths.code.tex
File: tikzlibrarytopaths.code.tex 2023-01-15 v3.1.10 (3.1.10)
))) (C:\Users\Richard\AppData\Local\Programs\MiKTeX\tex/generic/pgf/frontendlayer/tikz/libraries\tikzlibrarybackgrounds.code.tex
File: tikzlibrarybackgrounds.code.tex 2023-01-15 v3.1.10 (3.1.10)
\pgf@layerbox@background=\box117
\pgf@layerboxsaved@background=\box118
) (C:\Users\Richard\AppData\Local\Programs\MiKTeX\tex/generic/pgf/frontendlayer/tikz/libraries\tikzlibrarycalc.code.tex
File: tikzlibrarycalc.code.tex 2023-01-15 v3.1.10 (3.1.10)
) (C:\Users\Richard\AppData\Local\Programs\MiKTeX\tex/generic/pgf/frontendlayer/tikz/libraries\tikzlibraryshadows.code.tex
File: tikzlibraryshadows.code.tex 2023-01-15 v3.1.10 (3.1.10)
 (C:\Users\Richard\AppData\Local\Programs\MiKTeX\tex/generic/pgf/frontendlayer/tikz/libraries\tikzlibraryfadings.code.tex
File: tikzlibraryfadings.code.tex 2023-01-15 v3.1.10 (3.1.10)
 (C:\Users\Richard\AppData\Local\Programs\MiKTeX\tex/generic/pgf/libraries\pgflibraryfadings.code.tex
File: pgflibraryfadings.code.tex 2023-01-15 v3.1.10 (3.1.10)
))) (C:\Users\Richard\AppData\Local\Programs\MiKTeX\tex/generic/pgf/frontendlayer/tikz/libraries\tikzlibrarypositioning.code.tex
File: tikzlibrarypositioning.code.tex 2023-01-15 v3.1.10 (3.1.10)
) (C:\Users\Richard\AppData\Local\Programs\MiKTeX\tex/generic/pgf/frontendlayer/tikz/libraries\tikzlibraryfit.code.tex
File: tikzlibraryfit.code.tex 2023-01-15 v3.1.10 (3.1.10)
) (C:\Users\Richard\AppData\Local\Programs\MiKTeX\tex/latex/apptools\apptools.sty
Package: apptools 2012/11/28 v1.0 Tools for customizing appendices
) (C:\Users\Richard\AppData\Local\Programs\MiKTeX\tex/latex/psnfss\pifont.sty
Package: pifont 2020/03/25 PSNFSS-v9.3 Pi font support (SPQR) 
LaTeX Font Info:    Trying to load font information for U+pzd on input line 63.
 (C:\Users\Richard\AppData\Local\Programs\MiKTeX\tex/latex/psnfss\upzd.fd
File: upzd.fd 2001/06/04 font definitions for U/pzd.
)
LaTeX Font Info:    Trying to load font information for U+psy on input line 64.
 (C:\Users\Richard\AppData\Local\Programs\MiKTeX\tex/latex/psnfss\upsy.fd
File: upsy.fd 2001/06/04 font definitions for U/psy.
)) (C:\Users\Richard\AppData\Local\Programs\MiKTeX\tex/latex/manfnt\manfnt.sty
Package: manfnt 1999/07/010.2LaTeX2e manfnt package
\dbend@height=\skip91
) (C:\Users\Richard\AppData\Local\Programs\MiKTeX\tex/latex/bbding\bbding.sty
Package: bbding 1999/04/15 v1.01 Dingbats symbols
) (C:\Users\Richard\AppData\Local\Programs\MiKTeX\tex/latex/tcolorbox\tcolorbox.sty
Package: tcolorbox 2024/10/22 version 6.4.1 text color boxes
 (C:\Users\Richard\AppData\Local\Programs\MiKTeX\tex/latex/tools\verbatim.sty
Package: verbatim 2024-01-22 v1.5x LaTeX2e package for verbatim enhancements
\every@verbatim=\toks45
\verbatim@line=\toks46
\verbatim@in@stream=\read5
) (C:\Users\Richard\AppData\Local\Programs\MiKTeX\tex/latex/environ\environ.sty
Package: environ 2014/05/04 v0.3 A new way to define environments
 (C:\Users\Richard\AppData\Local\Programs\MiKTeX\tex/latex/trimspaces\trimspaces.sty
Package: trimspaces 2009/09/17 v1.1 Trim spaces around a token list
))
\tcb@titlebox=\box119
\tcb@upperbox=\box120
\tcb@lowerbox=\box121
\tcb@phantombox=\box122
\c@tcbbreakpart=\count519
\c@tcblayer=\count520
\c@tcolorbox@number=\count521
\l__tcobox_tmpa_box=\box123
\l__tcobox_tmpa_dim=\dimen327
\tcb@temp=\box124
\tcb@temp=\box125
\tcb@temp=\box126
\tcb@temp=\box127
 (C:\Users\Richard\AppData\Local\Programs\MiKTeX\tex/latex/tcolorbox\tcbraster.code.tex
Library (tcolorbox): 'tcbraster.code.tex' version '6.4.1'
\c@tcbrastercolumn=\count522
\c@tcbrasterrow=\count523
\c@tcbrasternum=\count524
\c@tcbraster=\count525
) (C:\Users\Richard\AppData\Local\Programs\MiKTeX\tex/latex/tcolorbox\tcbskins.code.tex
Library (tcolorbox): 'tcbskins.code.tex' version '6.4.1'
(C:\Users\Richard\AppData\Local\Programs\MiKTeX\tex/latex/tikzfill\tikzfill.image.sty
Package: tikzfill.image 2023/08/08 v1.0.1 Image filling library for TikZ
 (C:\Users\Richard\AppData\Local\Programs\MiKTeX\tex/latex/tikzfill\tikzfill-common.sty
Package: tikzfill-common 2023/08/08 v1.0.1 Auxiliary code for tikzfill
) (C:\Users\Richard\AppData\Local\Programs\MiKTeX\tex/latex/tikzfill\tikzlibraryfill.image.code.tex
File: tikzlibraryfill.image.code.tex 2023/08/08 v1.0.1 Image filling library
\l__tikzfill_img_box=\box128
)) (C:\Users\Richard\AppData\Local\Programs\MiKTeX\tex/latex/tcolorbox\tcbskinsjigsaw.code.tex
Library (tcolorbox): 'tcbskinsjigsaw.code.tex' version '6.4.1'
)) (C:\Users\Richard\AppData\Local\Programs\MiKTeX\tex/latex/tcolorbox\tcbbreakable.code.tex
Library (tcolorbox): 'tcbbreakable.code.tex' version '6.4.1'
(C:\Users\Richard\AppData\Local\Programs\MiKTeX\tex/latex/pdfcol\pdfcol.sty
Package: pdfcol 2022-09-21 v1.7 Handle new color stacks for pdfTeX (HO)
)
Package pdfcol Info: New color stack `tcb@breakable' = 1 on input line 23.
\tcb@testbox=\box129
\tcb@totalupperbox=\box130
\tcb@totallowerbox=\box131
) (C:\Users\Richard\AppData\Local\Programs\MiKTeX\tex/latex/tcolorbox\tcbhooks.code.tex
Library (tcolorbox): 'tcbhooks.code.tex' version '6.4.1'
) (C:\Users\Richard\AppData\Local\Programs\MiKTeX\tex/latex/tcolorbox\tcbtheorems.code.tex
Library (tcolorbox): 'tcbtheorems.code.tex' version '6.4.1'
) (C:\Users\Richard\AppData\Local\Programs\MiKTeX\tex/latex/tcolorbox\tcbfitting.code.tex
Library (tcolorbox): 'tcbfitting.code.tex' version '6.4.1'
\tcbfitdim=\dimen328
\tcb@lowerfitdim=\dimen329
\tcb@upperfitdim=\dimen330
\tcb@cur@hbadness=\count526
))
\c@tcb@cnt@definition=\count527
\c@tcb@cnt@theorem=\count528
\c@tcb@cnt@postulate=\count529
\c@tcb@cnt@axiom=\count530
\c@tcb@cnt@corollary=\count531
\c@tcb@cnt@lemma=\count532
\c@tcb@cnt@proposition=\count533
\c@exam=\count534
\c@exer=\count535
\c@prob=\count536
 (C:\Users\Richard\AppData\Local\Programs\MiKTeX\tex/latex/adforn\adforn.sty (C:\Users\Richard\AppData\Local\Programs\MiKTeX\tex/latex/svn-prov\svn-prov.sty
Package: svn-prov 2010/04/24 v3.1862 Package Date/Version from SVN Keywords
)
Package: adforn 2024/09/29 v1.2 (SVN Rev: 10442)
) (C:\Users\Richard\AppData\Local\Programs\MiKTeX\tex/latex/fancyhdr\fancyhdr.sty
Package: fancyhdr 2025/01/07 v5.1.1 Extensive control of page headers and footers
\f@nch@headwidth=\skip92
\f@nch@offset@elh=\skip93
\f@nch@offset@erh=\skip94
\f@nch@offset@olh=\skip95
\f@nch@offset@orh=\skip96
\f@nch@offset@elf=\skip97
\f@nch@offset@erf=\skip98
\f@nch@offset@olf=\skip99
\f@nch@offset@orf=\skip100
\f@nch@height=\skip101
\f@nch@footalignment=\skip102
\f@nch@widthL=\skip103
\f@nch@widthC=\skip104
\f@nch@widthR=\skip105
\@temptokenb=\toks47
) (C:\Users\Richard\AppData\Local\Programs\MiKTeX\tex/latex/listings\listings.sty
\lst@mode=\count537
\lst@gtempboxa=\box132
\lst@token=\toks48
\lst@length=\count538
\lst@currlwidth=\dimen331
\lst@column=\count539
\lst@pos=\count540
\lst@lostspace=\dimen332
\lst@width=\dimen333
\lst@newlines=\count541
\lst@lineno=\count542
\lst@maxwidth=\dimen334
 (C:\Users\Richard\AppData\Local\Programs\MiKTeX\tex/latex/listings\lstpatch.sty
File: lstpatch.sty 2024/09/23 1.10c (Carsten Heinz)
) (C:\Users\Richard\AppData\Local\Programs\MiKTeX\tex/latex/listings\lstmisc.sty
File: lstmisc.sty 2024/09/23 1.10c (Carsten Heinz)
\c@lstnumber=\count543
\lst@skipnumbers=\count544
\lst@framebox=\box133
) (C:\Users\Richard\AppData\Local\Programs\MiKTeX\tex/latex/listings\listings.cfg
File: listings.cfg 2024/09/23 1.10c listings configuration
))
Package: listings 2024/09/23 1.10c (Carsten Heinz)
 (C:\Users\Richard\AppData\Local\Programs\MiKTeX\tex/latex/listings\lstlang1.sty
File: lstlang1.sty 2024/09/23 1.10c listings language file
) (C:\Users\Richard\AppData\Local\Programs\MiKTeX\tex/latex/listings\lstlang2.sty
File: lstlang2.sty 2024/09/23 1.10c listings language file
) (C:\Users\Richard\AppData\Local\Programs\MiKTeX\tex/latex/listings\lstlang3.sty
File: lstlang3.sty 2024/09/23 1.10c listings language file
) (C:\Users\Richard\AppData\Local\Programs\MiKTeX\tex/latex/listings\lstlang1.sty
File: lstlang1.sty 2024/09/23 1.10c listings language file
) (C:\Users\Richard\AppData\Local\Programs\MiKTeX\tex/latex/listings\lstlang2.sty
File: lstlang2.sty 2024/09/23 1.10c listings language file
) (C:\Users\Richard\AppData\Local\Programs\MiKTeX\tex/latex/listings\lstlang3.sty
File: lstlang3.sty 2024/09/23 1.10c listings language file
) (C:\Users\Richard\AppData\Local\Programs\MiKTeX\tex/latex/listings\lstlang1.sty
File: lstlang1.sty 2024/09/23 1.10c listings language file
) (C:\Users\Richard\AppData\Local\Programs\MiKTeX\tex/latex/listings\lstlang2.sty
File: lstlang2.sty 2024/09/23 1.10c listings language file
) (C:\Users\Richard\AppData\Local\Programs\MiKTeX\tex/latex/listings\lstlang3.sty
File: lstlang3.sty 2024/09/23 1.10c listings language file
) (C:\Users\Richard\AppData\Local\Programs\MiKTeX\tex/latex/listings\lstmisc.sty
File: lstmisc.sty 2024/09/23 1.10c (Carsten Heinz)
) (C:\Users\Richard\AppData\Local\Programs\MiKTeX\tex/latex/tools\bm.sty
Package: bm 2023/12/19 v1.2f Bold Symbol Support (DPC/FMi)
Package bm Info: No bold for \OMX/cmex/m/n, using \pmb.
Package bm Info: No bold for \U/msa/m/n, using \pmb.
Package bm Info: No bold for \U/msb/m/n, using \pmb.
Package bm Info: No bold for \U/rsfs/m/n, using \pmb.
) (C:\Users\Richard\AppData\Local\Programs\MiKTeX\tex/latex/tocloft\tocloft.sty
Package: tocloft 2017/08/31 v2.3i parameterised ToC, etc., typesetting
Package tocloft Info: The document has chapter divisions on input line 51.
\cftparskip=\skip106
\cftbeforetoctitleskip=\skip107
\cftaftertoctitleskip=\skip108
\cftbeforepartskip=\skip109
\cftpartnumwidth=\skip110
\cftpartindent=\skip111
\cftbeforechapskip=\skip112
\cftchapindent=\skip113
\cftchapnumwidth=\skip114
\cftbeforesecskip=\skip115
\cftsecindent=\skip116
\cftsecnumwidth=\skip117
\cftbeforesubsecskip=\skip118
\cftsubsecindent=\skip119
\cftsubsecnumwidth=\skip120
\cftbeforesubsubsecskip=\skip121
\cftsubsubsecindent=\skip122
\cftsubsubsecnumwidth=\skip123
\cftbeforeparaskip=\skip124
\cftparaindent=\skip125
\cftparanumwidth=\skip126
\cftbeforesubparaskip=\skip127
\cftsubparaindent=\skip128
\cftsubparanumwidth=\skip129
\cftbeforeloftitleskip=\skip130
\cftafterloftitleskip=\skip131
\cftbeforefigskip=\skip132
\cftfigindent=\skip133
\cftfignumwidth=\skip134
\c@lofdepth=\count545
\c@lotdepth=\count546
\cftbeforelottitleskip=\skip135
\cftafterlottitleskip=\skip136
\cftbeforetabskip=\skip137
\cfttabindent=\skip138
\cfttabnumwidth=\skip139
)) (C:\Users\Richard\AppData\Local\Programs\MiKTeX\tex/latex/parskip\parskip.sty
Package: parskip 2021-03-14 v2.0h non-zero parskip adjustments
) (C:\Users\Richard\AppData\Local\Programs\MiKTeX\tex/generic/pgf/libraries\pgflibraryarrows.meta.code.tex
File: pgflibraryarrows.meta.code.tex 2023-01-15 v3.1.10 (3.1.10)
\pgfarrowinset=\dimen335
\pgfarrowlength=\dimen336
\pgfarrowwidth=\dimen337
\pgfarrowlinewidth=\dimen338
) (C:\Users\Richard\AppData\Local\Programs\MiKTeX\tex/latex/circuitikz\circuitikz.sty
Package: circuitikz 2025/01/10{} The CircuiTikz circuit drawing package version 1.7.1
 (C:\Users\Richard\AppData\Local\Programs\MiKTeX\tex/generic/pgf/frontendlayer/tikz/libraries\tikzlibrarybending.code.tex
File: tikzlibrarybending.code.tex 2023-01-15 v3.1.10 (3.1.10)
 (C:\Users\Richard\AppData\Local\Programs\MiKTeX\tex/generic/pgf/modules\pgfmodulebending.code.tex
File: pgfmodulebending.code.tex 2023-01-15 v3.1.10 (3.1.10)
 (C:\Users\Richard\AppData\Local\Programs\MiKTeX\tex/generic/pgf/modules\pgfmodulenonlineartransformations.code.tex
File: pgfmodulenonlineartransformations.code.tex 2023-01-15 v3.1.10 (3.1.10)
\pgftransformnonlinearflatness=\dimen339
) (C:\Users\Richard\AppData\Local\Programs\MiKTeX\tex/generic/pgf/libraries\pgflibrarycurvilinear.code.tex
File: pgflibrarycurvilinear.code.tex 2023-01-15 v3.1.10 (3.1.10)
\pgf@curvilinear@time@a=\dimen340
\pgf@curvilinear@length@a=\dimen341
\pgf@curvilinear@length@b=\dimen342
\pgf@curvilinear@length@c=\dimen343
\pgf@curvilinear@length@d=\dimen344
)
\pgf@arrows@the@rigidity=\dimen345
)) (C:\Users\Richard\AppData\Local\Programs\MiKTeX\tex/generic/pgf/frontendlayer/tikz/libraries\tikzlibraryfpu.code.tex (C:\Users\Richard\AppData\Local\Programs\MiKTeX\tex/generic/pgf/libraries\pgflibraryfpu.code.tex)) (C:\Users\Richard\AppData\Local\Programs\MiKTeX\tex/generic/circuitikz\pgfcirc.defines.tex
\pgf@circ@count@a=\count547
\pgf@circ@count@b=\count548
\pgf@circ@count@c=\count549
\pgf@circ@res@up=\dimen346
\pgf@circ@res@down=\dimen347
\pgf@circ@res@zero=\dimen348
\pgf@circ@res@left=\dimen349
\pgf@circ@res@right=\dimen350
\pgf@circ@res@other=\dimen351
\pgf@circ@res@step=\dimen352
\pgf@circ@res@temp=\dimen353
\pgf@circ@Rlen=\dimen354
\pgf@circ@scaled@Rlen=\dimen355
\pgfstartlinewidth=\dimen356
) (C:\Users\Richard\AppData\Local\Programs\MiKTeX\tex/generic/circuitikz\pgfcircutils.tex
\ctikz@scratchbox=\box134
) (C:\Users\Richard\AppData\Local\Programs\MiKTeX\tex/generic/circuitikz\pgfcircpath.tex) (C:\Users\Richard\AppData\Local\Programs\MiKTeX\tex/generic/circuitikz\pgfcircshapes.tex) (C:\Users\Richard\AppData\Local\Programs\MiKTeX\tex/generic/circuitikz\pgfcircmonopoles.tex) (C:\Users\Richard\AppData\Local\Programs\MiKTeX\tex/generic/circuitikz\pgfcircbipoles.tex) (C:\Users\Richard\AppData\Local\Programs\MiKTeX\tex/generic/circuitikz\pgfcirctripoles.tex
\pgf@circ@res@count=\count550
) (C:\Users\Richard\AppData\Local\Programs\MiKTeX\tex/generic/circuitikz\pgfcircquadpoles.tex) (C:\Users\Richard\AppData\Local\Programs\MiKTeX\tex/generic/circuitikz\pgfcircmultipoles.tex) (C:\Users\Richard\AppData\Local\Programs\MiKTeX\tex/generic/circuitikz\pgfcirclabel.tex) (C:\Users\Richard\AppData\Local\Programs\MiKTeX\tex/generic/circuitikz\pgfcircvoltage.tex
\pgfcirc@labelshift=\dimen357
) (C:\Users\Richard\AppData\Local\Programs\MiKTeX\tex/generic/circuitikz\pgfcirccurrent.tex) (C:\Users\Richard\AppData\Local\Programs\MiKTeX\tex/generic/circuitikz\pgfcircflow.tex)) (C:\Users\Richard\AppData\Local\Programs\MiKTeX\tex/generic/pgf/frontendlayer/tikz/libraries/circuits\tikzlibrarycircuits.logic.US.code.tex (C:\Users\Richard\AppData\Local\Programs\MiKTeX\tex/generic/pgf/frontendlayer/tikz/libraries/circuits\tikzlibrarycircuits.logic.code.tex (C:\Users\Richard\AppData\Local\Programs\MiKTeX\tex/generic/pgf/frontendlayer/tikz/libraries/circuits\tikzlibrarycircuits.code.tex (C:\Users\Richard\AppData\Local\Programs\MiKTeX\tex/generic/pgf/frontendlayer/tikz/libraries\tikzlibrarydecorations.markings.code.tex (C:\Users\Richard\AppData\Local\Programs\MiKTeX\tex/generic/pgf/frontendlayer/tikz/libraries\tikzlibrarydecorations.code.tex (C:\Users\Richard\AppData\Local\Programs\MiKTeX\tex/generic/pgf/modules\pgfmoduledecorations.code.tex
\pgfdecoratedcompleteddistance=\dimen358
\pgfdecoratedremainingdistance=\dimen359
\pgfdecoratedinputsegmentcompleteddistance=\dimen360
\pgfdecoratedinputsegmentremainingdistance=\dimen361
\pgf@decorate@distancetomove=\dimen362
\pgf@decorate@repeatstate=\count551
\pgfdecorationsegmentamplitude=\dimen363
\pgfdecorationsegmentlength=\dimen364
)
\tikz@lib@dec@box=\box135
) (C:\Users\Richard\AppData\Local\Programs\MiKTeX\tex/generic/pgf/libraries/decorations\pgflibrarydecorations.markings.code.tex))
\tikz@lib@circ@count=\count552
\tikzcircuitssizeunit=\dimen365
)) (C:\Users\Richard\AppData\Local\Programs\MiKTeX\tex/generic/pgf/libraries/shapes/circuits\pgflibraryshapes.gates.logic.US.code.tex (C:\Users\Richard\AppData\Local\Programs\MiKTeX\tex/generic/pgf/libraries/shapes/circuits\pgflibraryshapes.gates.logic.code.tex))) (mymacro.sty
\usefulbox=\box136
) (C:\Users\Richard\AppData\Local\Programs\MiKTeX\tex/latex/pgfplots\pgfplots.sty (C:\Users\Richard\AppData\Local\Programs\MiKTeX\tex/generic/pgfplots\pgfplots.revision.tex)
Package: pgfplots 2021/05/15 v1.18.1 Data Visualization (1.18.1)
 (C:\Users\Richard\AppData\Local\Programs\MiKTeX\tex/generic/pgfplots\pgfplots.code.tex (C:\Users\Richard\AppData\Local\Programs\MiKTeX\tex/generic/pgfplots\pgfplotscore.code.tex
\t@pgfplots@toka=\toks49
\t@pgfplots@tokb=\toks50
\t@pgfplots@tokc=\toks51
\pgfplots@tmpa=\dimen366
\c@pgfplots@coordindex=\count553
\c@pgfplots@scanlineindex=\count554
 (C:\Users\Richard\AppData\Local\Programs\MiKTeX\tex/generic/pgfplots/sys\pgfplotssysgeneric.code.tex)) (C:\Users\Richard\AppData\Local\Programs\MiKTeX\tex/generic/pgfplots/libs\pgfplotslibrary.code.tex) (C:\Users\Richard\AppData\Local\Programs\MiKTeX\tex/generic/pgfplots/oldpgfcompatib\pgfplotsoldpgfsupp_loader.code.tex
Package pgfplots: loading complementary utilities for your pgf version...
\t@pgf@toka=\toks52
\t@pgf@tokb=\toks53
\t@pgf@tokc=\toks54
(C:\Users\Richard\AppData\Local\Programs\MiKTeX\tex/generic/pgfplots/oldpgfcompatib\pgfplotsoldpgfsupp_pgfutil-common-lists.tex)) (C:\Users\Richard\AppData\Local\Programs\MiKTeX\tex/generic/pgfplots/util\pgfplotsutil.code.tex (C:\Users\Richard\AppData\Local\Programs\MiKTeX\tex/generic/pgfplots/liststructure\pgfplotsliststructure.code.tex) (C:\Users\Richard\AppData\Local\Programs\MiKTeX\tex/generic/pgfplots/liststructure\pgfplotsliststructureext.code.tex) (C:\Users\Richard\AppData\Local\Programs\MiKTeX\tex/generic/pgfplots/liststructure\pgfplotsarray.code.tex
\c@pgfplotsarray@tmp=\count555
) (C:\Users\Richard\AppData\Local\Programs\MiKTeX\tex/generic/pgfplots/liststructure\pgfplotsmatrix.code.tex) (C:\Users\Richard\AppData\Local\Programs\MiKTeX\tex/generic/pgfplots/numtable\pgfplotstableshared.code.tex
\c@pgfplotstable@counta=\count556
\t@pgfplotstable@a=\toks55
) (C:\Users\Richard\AppData\Local\Programs\MiKTeX\tex/generic/pgfplots/liststructure\pgfplotsdeque.code.tex) (C:\Users\Richard\AppData\Local\Programs\MiKTeX\tex/generic/pgfplots/util\pgfplotsbinary.code.tex (C:\Users\Richard\AppData\Local\Programs\MiKTeX\tex/generic/pgfplots/util\pgfplotsbinary.data.code.tex)) (C:\Users\Richard\AppData\Local\Programs\MiKTeX\tex/generic/pgfplots/util\pgfplotsutil.verb.code.tex) (C:\Users\Richard\AppData\Local\Programs\MiKTeX\tex/generic/pgfplots/libs\pgflibrarypgfplots.surfshading.code.tex
\c@pgfplotslibrarysurf@no=\count557
 (C:\Users\Richard\AppData\Local\Programs\MiKTeX\tex/generic/pgfplots/sys\pgflibrarypgfplots.surfshading.pgfsys-pdftex.def))) (C:\Users\Richard\AppData\Local\Programs\MiKTeX\tex/generic/pgfplots/util\pgfplotscolormap.code.tex (C:\Users\Richard\AppData\Local\Programs\MiKTeX\tex/generic/pgfplots/util\pgfplotscolor.code.tex)) (C:\Users\Richard\AppData\Local\Programs\MiKTeX\tex/generic/pgfplots\pgfplotsstackedplots.code.tex) (C:\Users\Richard\AppData\Local\Programs\MiKTeX\tex/generic/pgfplots\pgfplotsplothandlers.code.tex (C:\Users\Richard\AppData\Local\Programs\MiKTeX\tex/generic/pgfplots\pgfplotsmeshplothandler.code.tex (C:\Users\Richard\AppData\Local\Programs\MiKTeX\tex/generic/pgfplots\pgfplotsmeshplotimage.code.tex))) (C:\Users\Richard\AppData\Local\Programs\MiKTeX\tex/generic/pgfplots\pgfplots.scaling.code.tex) (C:\Users\Richard\AppData\Local\Programs\MiKTeX\tex/generic/pgfplots\pgfplotscoordprocessing.code.tex) (C:\Users\Richard\AppData\Local\Programs\MiKTeX\tex/generic/pgfplots\pgfplots.errorbars.code.tex) (C:\Users\Richard\AppData\Local\Programs\MiKTeX\tex/generic/pgfplots\pgfplots.markers.code.tex) (C:\Users\Richard\AppData\Local\Programs\MiKTeX\tex/generic/pgfplots\pgfplotsticks.code.tex) (C:\Users\Richard\AppData\Local\Programs\MiKTeX\tex/generic/pgfplots\pgfplots.paths.code.tex) (C:\Users\Richard\AppData\Local\Programs\MiKTeX\tex/generic/pgf/frontendlayer/tikz/libraries\tikzlibrarydecorations.pathmorphing.code.tex (C:\Users\Richard\AppData\Local\Programs\MiKTeX\tex/generic/pgf/libraries/decorations\pgflibrarydecorations.pathmorphing.code.tex)) (C:\Users\Richard\AppData\Local\Programs\MiKTeX\tex/generic/pgf/frontendlayer/tikz/libraries\tikzlibrarydecorations.pathreplacing.code.tex (C:\Users\Richard\AppData\Local\Programs\MiKTeX\tex/generic/pgf/libraries/decorations\pgflibrarydecorations.pathreplacing.code.tex)) (C:\Users\Richard\AppData\Local\Programs\MiKTeX\tex/generic/pgfplots/libs\tikzlibrarypgfplots.contourlua.code.tex)
\pgfplots@numplots=\count558
\pgfplots@xmin@reg=\dimen367
\pgfplots@xmax@reg=\dimen368
\pgfplots@ymin@reg=\dimen369
\pgfplots@ymax@reg=\dimen370
\pgfplots@zmin@reg=\dimen371
\pgfplots@zmax@reg=\dimen372
) (C:\Users\Richard\AppData\Local\Programs\MiKTeX\tex/generic/pgf/frontendlayer/tikz/libraries\tikzlibraryplotmarks.code.tex
File: tikzlibraryplotmarks.code.tex 2023-01-15 v3.1.10 (3.1.10)
 (C:\Users\Richard\AppData\Local\Programs\MiKTeX\tex/generic/pgf/libraries\pgflibraryplotmarks.code.tex
File: pgflibraryplotmarks.code.tex 2023-01-15 v3.1.10 (3.1.10)
))) (C:\Users\Richard\AppData\Local\Programs\MiKTeX\tex/latex/mathtools\mathtools.sty
Package: mathtools 2024/10/04 v1.31 mathematical typesetting tools
 (C:\Users\Richard\AppData\Local\Programs\MiKTeX\tex/latex/mathtools\mhsetup.sty
Package: mhsetup 2021/03/18 v1.4 programming setup (MH)
)
\g_MT_multlinerow_int=\count559
\l_MT_multwidth_dim=\dimen373
\origjot=\skip140
\l_MT_shortvdotswithinadjustabove_dim=\dimen374
\l_MT_shortvdotswithinadjustbelow_dim=\dimen375
\l_MT_above_intertext_sep=\dimen376
\l_MT_below_intertext_sep=\dimen377
\l_MT_above_shortintertext_sep=\dimen378
\l_MT_below_shortintertext_sep=\dimen379
\xmathstrut@box=\box137
\xmathstrut@dim=\dimen380
) (C:\Users\Richard\AppData\Local\Programs\MiKTeX\tex/latex/lm\lmodern.sty
Package: lmodern 2015/05/01 v1.6.1 Latin Modern Fonts
LaTeX Font Info:    Overwriting symbol font `operators' in version `normal'
(Font)                  OT1/cmr/m/n --> OT1/lmr/m/n on input line 22.
LaTeX Font Info:    Overwriting symbol font `letters' in version `normal'
(Font)                  OML/cmm/m/it --> OML/lmm/m/it on input line 23.
LaTeX Font Info:    Overwriting symbol font `symbols' in version `normal'
(Font)                  OMS/cmsy/m/n --> OMS/lmsy/m/n on input line 24.
LaTeX Font Info:    Overwriting symbol font `largesymbols' in version `normal'
(Font)                  OMX/cmex/m/n --> OMX/lmex/m/n on input line 25.
LaTeX Font Info:    Overwriting symbol font `operators' in version `bold'
(Font)                  OT1/cmr/bx/n --> OT1/lmr/bx/n on input line 26.
LaTeX Font Info:    Overwriting symbol font `letters' in version `bold'
(Font)                  OML/cmm/b/it --> OML/lmm/b/it on input line 27.
LaTeX Font Info:    Overwriting symbol font `symbols' in version `bold'
(Font)                  OMS/cmsy/b/n --> OMS/lmsy/b/n on input line 28.
LaTeX Font Info:    Overwriting symbol font `largesymbols' in version `bold'
(Font)                  OMX/cmex/m/n --> OMX/lmex/m/n on input line 29.
LaTeX Font Info:    Overwriting math alphabet `\mathbf' in version `normal'
(Font)                  OT1/cmr/bx/n --> OT1/lmr/bx/n on input line 31.
LaTeX Font Info:    Overwriting math alphabet `\mathsf' in version `normal'
(Font)                  OT1/cmss/m/n --> OT1/lmss/m/n on input line 32.
LaTeX Font Info:    Overwriting math alphabet `\mathit' in version `normal'
(Font)                  OT1/cmr/m/it --> OT1/lmr/m/it on input line 33.
LaTeX Font Info:    Overwriting math alphabet `\mathtt' in version `normal'
(Font)                  OT1/cmtt/m/n --> OT1/lmtt/m/n on input line 34.
LaTeX Font Info:    Overwriting math alphabet `\mathbf' in version `bold'
(Font)                  OT1/cmr/bx/n --> OT1/lmr/bx/n on input line 35.
LaTeX Font Info:    Overwriting math alphabet `\mathsf' in version `bold'
(Font)                  OT1/cmss/bx/n --> OT1/lmss/bx/n on input line 36.
LaTeX Font Info:    Overwriting math alphabet `\mathit' in version `bold'
(Font)                  OT1/cmr/bx/it --> OT1/lmr/bx/it on input line 37.
LaTeX Font Info:    Overwriting math alphabet `\mathtt' in version `bold'
(Font)                  OT1/cmtt/m/n --> OT1/lmtt/m/n on input line 38.
) (C:\Users\Richard\AppData\Local\Programs\MiKTeX\tex/generic/pgf/frontendlayer/tikz/libraries\tikzlibrarymatrix.code.tex
File: tikzlibrarymatrix.code.tex 2023-01-15 v3.1.10 (3.1.10)
) (C:\Users\Richard\AppData\Local\Programs\MiKTeX\tex/latex/ncctools\nccmath.sty
Package: nccmath 2006/01/20 v1.3 Additional Math Commands (NCC)
\NCC@fracrulewidth=\dimen381
) (C:\Users\Richard\AppData\Local\Programs\MiKTeX\tex/latex/graphics\dvipsnam.def
File: dvipsnam.def 2016/06/17 v3.0m Driver-dependent file (DPC,SPQR)
) (C:\Users\Richard\AppData\Local\Programs\MiKTeX\tex/latex/caption\subcaption.sty
Package: subcaption 2023/07/28 v1.6b Sub-captions (AR)
Package caption Info: New subtype `subfigure' on input line 238.
\c@subfigure=\count560
Package caption Info: New subtype `subtable' on input line 238.
\c@subtable=\count561
) (clrscode4e.sty
Package: clrscode4e 
 (C:\Users\Richard\AppData\Local\Programs\MiKTeX\tex/latex/base\fontenc.sty
Package: fontenc 2021/04/29 v2.0v Standard LaTeX package
LaTeX Font Info:    Trying to load font information for T1+lmss on input line 116.
 (C:\Users\Richard\AppData\Local\Programs\MiKTeX\tex/latex/lm\t1lmss.fd
File: t1lmss.fd 2015/05/01 v1.6.1 Font defs for Latin Modern
))
\c@codelinenumber=\count562
\c@indent=\count563
\digitwidth=\skip141
\savecode=\box138
\screenbox=\box139
\screenboxwidth=\skip142
\codeboxwidth=\skip143
\codeindentwidth=\skip144
\c@thisindent=\count564
 (C:\Users\Richard\AppData\Local\Programs\MiKTeX\tex/latex/float\float.sty
Package: float 2001/11/08 v1.3d Float enhancements (AL)
\c@float@type=\count565
\float@exts=\toks56
\float@box=\box140
\@float@everytoks=\toks57
\@floatcapt=\box141
)
\@float@every@floatingcodebox=\toks58
\c@floatingcodebox=\count566
\@float@every@floatingcodeboxb=\toks59
\c@floatingcodeboxb=\count567
\@float@every@floatingcodeboxt=\toks60
\c@floatingcodeboxt=\count568
\@float@every@floatingcodeboxp=\toks61
\c@floatingcodeboxp=\count569
)
Package csquotes Info: Checking for multilingual support...
Package csquotes Info: ... none found.
 (main.aux

LaTeX Warning: Label `def:-NoValue-' multiply defined.


LaTeX Warning: Label `def:-NoValue-' multiply defined.


LaTeX Warning: Label `def:-NoValue-' multiply defined.


LaTeX Warning: Label `def:-NoValue-' multiply defined.


LaTeX Warning: Label `def:-NoValue-' multiply defined.


LaTeX Warning: Label `def:-NoValue-' multiply defined.


LaTeX Warning: Label `def:-NoValue-' multiply defined.


LaTeX Warning: Label `def:-NoValue-' multiply defined.


LaTeX Warning: Label `def:-NoValue-' multiply defined.


LaTeX Warning: Label `def:-NoValue-' multiply defined.


LaTeX Warning: Label `def:-NoValue-' multiply defined.


LaTeX Warning: Label `thm:-NoValue-' multiply defined.


LaTeX Warning: Label `def:-NoValue-' multiply defined.


LaTeX Warning: Label `def:-NoValue-' multiply defined.


LaTeX Warning: Label `def:-NoValue-' multiply defined.


LaTeX Warning: Label `def:-NoValue-' multiply defined.


LaTeX Warning: Label `def:-NoValue-' multiply defined.


LaTeX Warning: Label `thm:-NoValue-' multiply defined.


LaTeX Warning: Label `def:-NoValue-' multiply defined.


LaTeX Warning: Label `thm:-NoValue-' multiply defined.


LaTeX Warning: Label `def:-NoValue-' multiply defined.


LaTeX Warning: Label `axi:-NoValue-' multiply defined.


LaTeX Warning: Label `thm:-NoValue-' multiply defined.


LaTeX Warning: Label `thm:-NoValue-' multiply defined.


LaTeX Warning: Label `thm:-NoValue-' multiply defined.


LaTeX Warning: Label `def:-NoValue-' multiply defined.


LaTeX Warning: Label `thm:-NoValue-' multiply defined.


LaTeX Warning: Label `def:-NoValue-' multiply defined.


LaTeX Warning: Label `thm:-NoValue-' multiply defined.


LaTeX Warning: Label `def:-NoValue-' multiply defined.


LaTeX Warning: Label `def:-NoValue-' multiply defined.


LaTeX Warning: Label `def:-NoValue-' multiply defined.


LaTeX Warning: Label `def:-NoValue-' multiply defined.


LaTeX Warning: Label `def:-NoValue-' multiply defined.


LaTeX Warning: Label `def:-NoValue-' multiply defined.


LaTeX Warning: Label `thm:-NoValue-' multiply defined.


LaTeX Warning: Label `thm:-NoValue-' multiply defined.


LaTeX Warning: Label `thm:-NoValue-' multiply defined.


LaTeX Warning: Label `fig:parallelogram-law' multiply defined.


LaTeX Warning: Label `def:-NoValue-' multiply defined.


LaTeX Warning: Label `def:-NoValue-' multiply defined.


LaTeX Warning: Label `def:-NoValue-' multiply defined.


LaTeX Warning: Label `def:-NoValue-' multiply defined.


LaTeX Warning: Label `thm:-NoValue-' multiply defined.


LaTeX Warning: Label `thm:-NoValue-' multiply defined.


LaTeX Warning: Label `thm:-NoValue-' multiply defined.


LaTeX Warning: Label `thm:-NoValue-' multiply defined.


LaTeX Warning: Label `def:-NoValue-' multiply defined.


LaTeX Warning: Label `thm:-NoValue-' multiply defined.


LaTeX Warning: Label `def:-NoValue-' multiply defined.


LaTeX Warning: Label `def:-NoValue-' multiply defined.


LaTeX Warning: Label `thm:-NoValue-' multiply defined.


LaTeX Warning: Label `def:-NoValue-' multiply defined.


LaTeX Warning: Label `thm:-NoValue-' multiply defined.


LaTeX Warning: Label `def:-NoValue-' multiply defined.


LaTeX Warning: Label `def:-NoValue-' multiply defined.


LaTeX Warning: Label `thm:-NoValue-' multiply defined.


LaTeX Warning: Label `def:-NoValue-' multiply defined.


LaTeX Warning: Label `thm:-NoValue-' multiply defined.


LaTeX Warning: Label `thm:-NoValue-' multiply defined.


LaTeX Warning: Label `thm:-NoValue-' multiply defined.


LaTeX Warning: Label `thm:-NoValue-' multiply defined.


LaTeX Warning: Label `thm:-NoValue-' multiply defined.


LaTeX Warning: Label `def:-NoValue-' multiply defined.


LaTeX Warning: Label `def:-NoValue-' multiply defined.

)
\openout1 = `main.aux'.

LaTeX Font Info:    Checking defaults for OML/cmm/m/it on input line 133.
LaTeX Font Info:    ... okay on input line 133.
LaTeX Font Info:    Checking defaults for OMS/cmsy/m/n on input line 133.
LaTeX Font Info:    ... okay on input line 133.
LaTeX Font Info:    Checking defaults for OT1/cmr/m/n on input line 133.
LaTeX Font Info:    ... okay on input line 133.
LaTeX Font Info:    Checking defaults for T1/cmr/m/n on input line 133.
LaTeX Font Info:    ... okay on input line 133.
LaTeX Font Info:    Checking defaults for TS1/cmr/m/n on input line 133.
LaTeX Font Info:    ... okay on input line 133.
LaTeX Font Info:    Checking defaults for OMX/cmex/m/n on input line 133.
LaTeX Font Info:    ... okay on input line 133.
LaTeX Font Info:    Checking defaults for U/cmr/m/n on input line 133.
LaTeX Font Info:    ... okay on input line 133.
LaTeX Font Info:    Checking defaults for PD1/pdf/m/n on input line 133.
LaTeX Font Info:    ... okay on input line 133.
LaTeX Font Info:    Checking defaults for PU/pdf/m/n on input line 133.
LaTeX Font Info:    ... okay on input line 133.
 (C:\Users\Richard\AppData\Local\Programs\MiKTeX\tex/context/base/mkii\supp-pdf.mkii
[Loading MPS to PDF converter (version 2006.09.02).]
\scratchcounter=\count570
\scratchdimen=\dimen382
\scratchbox=\box142
\nofMPsegments=\count571
\nofMParguments=\count572
\everyMPshowfont=\toks62
\MPscratchCnt=\count573
\MPscratchDim=\dimen383
\MPnumerator=\count574
\makeMPintoPDFobject=\count575
\everyMPtoPDFconversion=\toks63
) (C:\Users\Richard\AppData\Local\Programs\MiKTeX\tex/latex/epstopdf-pkg\epstopdf-base.sty
Package: epstopdf-base 2020-01-24 v2.11 Base part for package epstopdf
Package epstopdf-base Info: Redefining graphics rule for `.eps' on input line 485.
 (C:\Users\Richard\AppData\Local\Programs\MiKTeX\tex/latex/00miktex\epstopdf-sys.cfg
File: epstopdf-sys.cfg 2021/03/18 v2.0 Configuration of epstopdf for MiKTeX
))
Package hyperref Info: Link coloring ON on input line 133.
 (main.out) (main.out)
\@outlinefile=\write7
\openout7 = `main.out'.


*geometry* driver: auto-detecting
*geometry* detected driver: pdftex
*geometry* verbose mode - [ preamble ] result:
* driver: pdftex
* paper: a4paper
* layout: <same size as paper>
* layoutoffset:(h,v)=(0.0pt,0.0pt)
* modes: 
* h-part:(L,W,R)=(56.9055pt, 483.69687pt, 56.9055pt)
* v-part:(T,H,B)=(72.26997pt, 700.5069pt, 72.26997pt)
* \paperwidth=597.50787pt
* \paperheight=845.04684pt
* \textwidth=483.69687pt
* \textheight=700.5069pt
* \oddsidemargin=-15.36449pt
* \evensidemargin=-15.36449pt
* \topmargin=-73.12352pt
* \headheight=61.74242pt
* \headsep=11.38109pt
* \topskip=11.0pt
* \footskip=34.1433pt
* \marginparwidth=53.0pt
* \marginparsep=7.0pt
* \columnsep=10.0pt
* \skip\footins=10.0pt plus 4.0pt minus 2.0pt
* \hoffset=0.0pt
* \voffset=0.0pt
* \mag=1000
* \@twocolumnfalse
* \@twosidefalse
* \@mparswitchfalse
* \@reversemarginfalse
* (1in=72.27pt=25.4mm, 1cm=28.453pt)

\c@mv@tabular=\count576
\c@mv@boldtabular=\count577
Package caption Info: Begin \AtBeginDocument code.
Package caption Info: float package is loaded.
Package caption Info: listings package is loaded.
Package caption Info: End \AtBeginDocument code.
(C:\Users\Richard\AppData\Local\Programs\MiKTeX\tex/latex/footmisc\footmisc.sty
Package: footmisc 2024/12/24 v6.0g a miscellany of footnote facilities
\FN@temptoken=\toks64
\footnotemargin=\dimen384
\@outputbox@depth=\dimen385
Package footmisc Info: Declaring symbol style bringhurst on input line 699.
Package footmisc Info: Declaring symbol style chicago on input line 707.
Package footmisc Info: Declaring symbol style wiley on input line 716.
Package footmisc Info: Declaring symbol style lamport-robust on input line 727.
Package footmisc Info: Declaring symbol style lamport* on input line 747.
Package footmisc Info: Declaring symbol style lamport*-robust on input line 768.
)
Package biblatex Info: Trying to load language 'english' -> 'english-apa'...
Package biblatex Info: ... file 'english-apa.lbx' found.
 (C:\Users\Richard\AppData\Local\Programs\MiKTeX\tex/latex/biblatex-apa\english-apa.lbx
File: english-apa.lbx 2023/03/20 v9.17 APA biblatex localisation
Package biblatex Info: Trying to load language 'english'...
Package biblatex Info: ... file 'english.lbx' found.
 (C:\Users\Richard\AppData\Local\Programs\MiKTeX\tex/latex/biblatex/lbx\english.lbx
File: english.lbx 2024/03/21 v3.20 biblatex localization (PK/MW)
)
Package biblatex Info: Trying to load language 'american' -> 'american-apa'...
Package biblatex Info: ... file 'american-apa.lbx' found.
 (C:\Users\Richard\AppData\Local\Programs\MiKTeX\tex/latex/biblatex-apa\american-apa.lbx
File: american-apa.lbx 2023/03/20 v9.17 APA biblatex localisation
Package biblatex Info: Trying to load language 'american'...
Package biblatex Info: ... file 'american.lbx' found.
 (C:\Users\Richard\AppData\Local\Programs\MiKTeX\tex/latex/biblatex/lbx\american.lbx
File: american.lbx 2024/03/21 v3.20 biblatex localization (PK/MW)
Package biblatex Info: Trying to load language 'english'...
Package biblatex Info: ... file 'english.lbx' found.
 (C:\Users\Richard\AppData\Local\Programs\MiKTeX\tex/latex/biblatex/lbx\english.lbx
File: english.lbx 2024/03/21 v3.20 biblatex localization (PK/MW)
))))
Package biblatex Info: Input encoding 'utf8' detected.
Package biblatex Info: Automatic encoding selection.
(biblatex)             Assuming data encoding 'utf8'.
\openout5 = `main.bcf'.

Package biblatex Info: Trying to load bibliographic data...
Package biblatex Info: ... file 'main.bbl' not found.

No file main.bbl.
Package biblatex Info: Reference section=0 on input line 133.
Package biblatex Info: Reference segment=0 on input line 133.
\c@lstlisting=\count578
Package pgfplots notification 'compat/show suggested version=true': document has been generated with the most recent feature set (\pgfplotsset{compat=1.18}).

Package hyperref Info: Option `pageanchor' set `false' on input line 135.
*geometry* verbose mode - [ newgeometry ] result:
* driver: pdftex
* paper: a4paper
* layout: <same size as paper>
* layoutoffset:(h,v)=(0.0pt,0.0pt)
* modes: 
* h-part:(L,W,R)=(0.0pt, 597.50787pt, 0.0pt)
* v-part:(T,H,B)=(0.0pt, 845.04684pt, 0.0pt)
* \paperwidth=597.50787pt
* \paperheight=845.04684pt
* \textwidth=597.50787pt
* \textheight=845.04684pt
* \oddsidemargin=-72.26999pt
* \evensidemargin=-72.26999pt
* \topmargin=-145.3935pt
* \headheight=61.74242pt
* \headsep=11.38109pt
* \topskip=11.0pt
* \footskip=34.1433pt
* \marginparwidth=53.0pt
* \marginparsep=7.0pt
* \columnsep=10.0pt
* \skip\footins=10.0pt plus 4.0pt minus 2.0pt
* \hoffset=0.0pt
* \voffset=0.0pt
* \mag=1000
* \@twocolumnfalse
* \@twosidefalse
* \@mparswitchfalse
* \@reversemarginfalse
* (1in=72.27pt=25.4mm, 1cm=28.453pt)

<./figure/cover2.jpg, id=250, 1027.84pt x 1027.84pt>
File: ./figure/cover2.jpg Graphic file (type jpg)
<use ./figure/cover2.jpg>
Package pdftex.def Info: ./figure/cover2.jpg  used on input line 135.
(pdftex.def)             Requested size: 597.50787pt x 597.51208pt.
LaTeX Font Info:    Trying to load font information for OT1+lmr on input line 135.
(C:\Users\Richard\AppData\Local\Programs\MiKTeX\tex/latex/lm\ot1lmr.fd
File: ot1lmr.fd 2015/05/01 v1.6.1 Font defs for Latin Modern
)
LaTeX Font Info:    Trying to load font information for OML+lmm on input line 135.
 (C:\Users\Richard\AppData\Local\Programs\MiKTeX\tex/latex/lm\omllmm.fd
File: omllmm.fd 2015/05/01 v1.6.1 Font defs for Latin Modern
)
LaTeX Font Info:    Trying to load font information for OMS+lmsy on input line 135.
 (C:\Users\Richard\AppData\Local\Programs\MiKTeX\tex/latex/lm\omslmsy.fd
File: omslmsy.fd 2015/05/01 v1.6.1 Font defs for Latin Modern
)
LaTeX Font Info:    Trying to load font information for OMX+lmex on input line 135.
 (C:\Users\Richard\AppData\Local\Programs\MiKTeX\tex/latex/lm\omxlmex.fd
File: omxlmex.fd 2015/05/01 v1.6.1 Font defs for Latin Modern
)
LaTeX Font Info:    External font `lmex10' loaded for size
(Font)              <10.95> on input line 135.
LaTeX Font Info:    External font `lmex10' loaded for size
(Font)              <8> on input line 135.
LaTeX Font Info:    External font `lmex10' loaded for size
(Font)              <6> on input line 135.
LaTeX Font Info:    Trying to load font information for U+msa on input line 135.
 (C:\Users\Richard\AppData\Local\Programs\MiKTeX\tex/latex/amsfonts\umsa.fd
File: umsa.fd 2013/01/14 v3.01 AMS symbols A
)
LaTeX Font Info:    Trying to load font information for U+msb on input line 135.
 (C:\Users\Richard\AppData\Local\Programs\MiKTeX\tex/latex/amsfonts\umsb.fd
File: umsb.fd 2013/01/14 v3.01 AMS symbols B
)
LaTeX Font Info:    Trying to load font information for U+rsfs on input line 135.
 (C:\Users\Richard\AppData\Local\Programs\MiKTeX\tex/latex/jknappen\ursfs.fd
File: ursfs.fd 1998/03/24 rsfs font definition file (jk)
)
c:/Users/Richard/OneDrive - ViaUC/Arbejde/GitHub/MSE_book_v2/main.tex:135: Extra alignment tab has been changed to \cr.
<recently read> \endtemplate 
                             
l.135 \maketitle
                
You have given more \span or & marks than there were
in the preamble to the \halign or \valign now in progress.
So I'll assume that you meant to type \cr instead.

LaTeX Font Info:    Font shape `T1/lmss/m/it' in size <10.95> not available
(Font)              Font shape `T1/lmss/m/sl' tried instead on input line 135.


[1



{C:/Users/Richard/AppData/Local/MiKTeX/fonts/map/pdftex/pdftex.map}{C:/Users/Richard/AppData/Local/Programs/MiKTeX/fonts/enc/dvips/lm/lm-ec.enc} <./figure/cover2.jpg>] (main.toc)
\tf@toc=\write8
\openout8 = `main.toc'.



[1



] (chapter01.tex
Chapter 1.


[1


{C:/Users/Richard/AppData/Local/Programs/MiKTeX/fonts/enc/dvips/lm/lm-mathit.enc}{C:/Users/Richard/AppData/Local/Programs/MiKTeX/fonts/enc/dvips/lm/lm-rm.enc}{C:/Users/Richard/AppData/Local/Programs/MiKTeX/fonts/enc/dvips/lm/lm-mathsy.enc}]
LaTeX Font Info:    Trying to load font information for T1+ntxtlf on input line 63.
 (C:\Users\Richard\AppData\Local\Programs\MiKTeX\tex/latex/newtx\t1ntxtlf.fd
File: t1ntxtlf.fd 2021/05/24 v1.1 font definition file for T1/ntx/tlf
)
LaTeX Font Info:    Font shape `T1/ntxtlf/m/n' will be
(Font)              scaled to size 10.95pt on input line 63.


[2{C:/Users/Richard/AppData/Local/Programs/MiKTeX/fonts/enc/dvips/newtx/ntx-ec-tlf.enc}]

[3]

[4]

[5]

[6{C:/Users/Richard/AppData/Local/Programs/MiKTeX/fonts/enc/dvips/lm/lm-mathex.enc}]
LaTeX Font Info:    Font shape `T1/lmss/bx/it' in size <10.95> not available
(Font)              Font shape `T1/lmss/bx/sl' tried instead on input line 416.


[7]
LaTeX Font Info:    Font shape `T1/ntxtlf/m/n' will be
(Font)              scaled to size 8.0pt on input line 438.
LaTeX Font Info:    Font shape `T1/ntxtlf/m/n' will be
(Font)              scaled to size 6.0pt on input line 438.


[8]
LaTeX Font Info:    Font shape `T1/ntxtlf/b/n' will be
(Font)              scaled to size 10.95pt on input line 509.
LaTeX Font Info:    Font shape `T1/ntxtlf/b/it' will be
(Font)              scaled to size 10.95pt on input line 509.
LaTeX Font Info:    Trying to load font information for U+ifgeo on input line 514.
 (C:\Users\Richard\AppData\Local\Programs\MiKTeX\tex/fonts/ifsym\uifgeo.fd)

[9]

[10]

[11]

[12]
LaTeX Font Info:    External font `lmex10' loaded for size
(Font)              <14.4> on input line 760.
LaTeX Font Info:    External font `lmex10' loaded for size
(Font)              <10> on input line 760.
LaTeX Font Info:    External font `lmex10' loaded for size
(Font)              <7> on input line 760.


[13]

[14]

[15]

[16]
<figure/book1.png, id=386, 1219.55624pt x 316.18124pt>
File: figure/book1.png Graphic file (type png)
<use figure/book1.png>
Package pdftex.def Info: figure/book1.png  used on input line 1050.
(pdftex.def)             Requested size: 483.69687pt x 125.40402pt.


LaTeX Warning: `h' float specifier changed to `ht'.



[17]
<figure/book2.png, id=395, 1096.84781pt x 316.18124pt>
File: figure/book2.png Graphic file (type png)
<use figure/book2.png>
Package pdftex.def Info: figure/book2.png  used on input line 1070.
(pdftex.def)             Requested size: 483.69687pt x 139.42894pt.


[18 <./figure/book1.png> <./figure/book2.png>]
<figure/book3.png, id=403, 949.29657pt x 362.85562pt>
File: figure/book3.png Graphic file (type png)
<use figure/book3.png>
Package pdftex.def Info: figure/book3.png  used on input line 1123.
(pdftex.def)             Requested size: 483.69687pt x 184.88782pt.


[19 <./figure/book3.png>]
<figure/book4.png, id=410, 990.70125pt x 368.87813pt>
File: figure/book4.png Graphic file (type png)
<use figure/book4.png>
Package pdftex.def Info: figure/book4.png  used on input line 1187.
(pdftex.def)             Requested size: 483.69687pt x 180.09894pt.


[20 <./figure/book4.png>]
LaTeX Font Info:    Trying to load font information for T1+lmtt on input line 1262.
 (C:\Users\Richard\AppData\Local\Programs\MiKTeX\tex/latex/lm\t1lmtt.fd
File: t1lmtt.fd 2015/05/01 v1.6.1 Font defs for Latin Modern
)

[21]
Overfull \hbox (13.5481pt too wide) detected at line 1289
$ []$ 
 []



[22]

[23]

[24]

[25]

[26]) (chapter02.tex

[27]
Chapter 2.
LaTeX Font Info:    External font `lmex10' loaded for size
(Font)              <24.88> on input line 13.
LaTeX Font Info:    External font `lmex10' loaded for size
(Font)              <20.74> on input line 13.
LaTeX Font Info:    External font `lmex10' loaded for size
(Font)              <17.28> on input line 13.

Overfull \hbox (0.82547pt too wide) in paragraph at lines 64--64
[]|[]|  
 []



[28

]

[29]

[30]

[31]

[32]

[33]

[34]

[35]

[36]) (chapter03.tex

[37]
Chapter 3.


[38

]

[39]

[40]

[41]
LaTeX Font Info:    External font `lmex10' loaded for size
(Font)              <5> on input line 246.


[42]

[43]

[44]

[45]

[46]
LaTeX Font Info:    External font `lmex10' loaded for size
(Font)              <9> on input line 709.


[47]

[48]

[49]

[50]

[51]

[52]

[53]) (chapter04.tex

[54]
Chapter 4.
<figure/boole.png, id=612, 241.557pt x 224.475pt>
File: figure/boole.png Graphic file (type png)
<use figure/boole.png>
Package pdftex.def Info: figure/boole.png  used on input line 16.
(pdftex.def)             Requested size: 142.1105pt x 132.06575pt.
<figure/shannon.png, id=613, 252.945pt x 256.668pt>
File: figure/shannon.png Graphic file (type png)
<use figure/shannon.png>
Package pdftex.def Info: figure/shannon.png  used on input line 22.
(pdftex.def)             Requested size: 142.1105pt x 144.20306pt.


[55

 <./figure/boole.png> <./figure/shannon.png>]
<figure/transistor.png, id=620, 169.38281pt x 169.38281pt>
File: figure/transistor.png Graphic file (type png)
<use figure/transistor.png>
Package pdftex.def Info: figure/transistor.png  used on input line 37.
(pdftex.def)             Requested size: 145.11053pt x 145.11584pt.


[56 <./figure/transistor.png>]

[57]

[58]

LaTeX Warning: `!h' float specifier changed to `!ht'.



[59]

[60]

[61]

[62]
LaTeX Font Info:    Font shape `T1/lmtt/bx/n' in size <10.95> not available
(Font)              Font shape `T1/lmtt/b/n' tried instead on input line 536.


[63]
<figure/gates.png, id=668, 685.05937pt x 229.60782pt>
File: figure/gates.png Graphic file (type png)
<use figure/gates.png>
Package pdftex.def Info: figure/gates.png  used on input line 578.
(pdftex.def)             Requested size: 386.95897pt x 129.69711pt.


LaTeX Warning: Citation 'rosen2012' on page 64 undefined on input line 579.


LaTeX Warning: Citation 'rosen2012' on page 64 undefined on input line 579.


LaTeX Warning: `!h' float specifier changed to `!ht'.



[64]
<figure/gatessimilar.png, id=674, 880.03781pt x 158.09062pt>
File: figure/gatessimilar.png Graphic file (type png)
<use figure/gatessimilar.png>
Package pdftex.def Info: figure/gatessimilar.png  used on input line 596.
(pdftex.def)             Requested size: 435.32422pt x 78.2008pt.


LaTeX War