\BOOKMARK [0][]{chapter.1}{\376\377\0001\000\040\000B\000a\000s\000i\000c\000\040\000A\000r\000i\000t\000h\000m\000e\000t\000i\000c\000\040\000a\000n\000d\000\040\000F\000u\000n\000c\000t\000i\000o\000n\000s}{}% 1
\BOOKMARK [1][]{section.1.1}{\376\377\0001\000.\0001\000\040\000F\000a\000c\000t\000o\000r\000i\000s\000a\000t\000i\000o\000n\000\040\000a\000n\000d\000\040\000t\000h\000e\000\040\000O\000r\000d\000e\000r\000\040\000o\000f\000\040\000O\000p\000e\000r\000a\000t\000i\000o\000n\000s}{chapter.1}% 2
\BOOKMARK [1][]{section.1.2}{\376\377\0001\000.\0002\000\040\000F\000r\000a\000c\000t\000i\000o\000n\000s}{chapter.1}% 3
\BOOKMARK [1][]{section.1.3}{\376\377\0001\000.\0003\000\040\000E\000x\000p\000o\000n\000e\000n\000t\000s\000,\000\040\000R\000a\000d\000i\000c\000a\000l\000s\000\040\000a\000n\000d\000\040\000S\000u\000r\000d\000s}{chapter.1}% 4
\BOOKMARK [1][]{section.1.4}{\376\377\0001\000.\0004\000\040\000U\000s\000i\000n\000g\000\040\000F\000o\000r\000m\000u\000l\000a\000e\000\040\000a\000n\000d\000\040\000S\000u\000b\000s\000t\000i\000t\000u\000t\000i\000o\000n}{chapter.1}% 5
\BOOKMARK [1][]{section.1.5}{\376\377\0001\000.\0005\000\040\000R\000e\000a\000r\000r\000a\000n\000g\000i\000n\000g\000\040\000F\000o\000r\000m\000u\000l\000a\000e}{chapter.1}% 6
\BOOKMARK [1][]{section.1.6}{\376\377\0001\000.\0006\000\040\000F\000u\000n\000c\000t\000i\000o\000n\000s}{chapter.1}% 7
\BOOKMARK [1][]{section.1.7}{\376\377\0001\000.\0007\000\040\000G\000r\000a\000p\000h\000i\000c\000a\000l\000\040\000I\000d\000e\000n\000t\000i\000f\000i\000c\000a\000t\000i\000o\000n\000\040\000o\000f\000\040\000F\000u\000n\000c\000t\000i\000o\000n\000\040\000T\000y\000p\000e\000s}{chapter.1}% 8
\BOOKMARK [1][]{section.1.8}{\376\377\0001\000.\0008\000\040\000L\000o\000g\000a\000r\000i\000t\000h\000m\000s}{chapter.1}% 9
\BOOKMARK [0][]{chapter.2}{\376\377\0002\000\040\000F\000u\000n\000d\000a\000m\000e\000n\000t\000a\000l\000\040\000C\000o\000n\000c\000e\000p\000t\000s\000\040\000i\000n\000\040\000N\000u\000m\000b\000e\000r\000\040\000T\000h\000e\000o\000r\000y}{}% 10
\BOOKMARK [1][]{section.2.1}{\376\377\0002\000.\0001\000\040\000T\000y\000p\000e\000s\000\040\000o\000f\000\040\000N\000u\000m\000b\000e\000r\000s}{chapter.2}% 11
\BOOKMARK [1][]{section.2.2}{\376\377\0002\000.\0002\000\040\000I\000n\000t\000e\000g\000e\000r\000\040\000P\000r\000o\000p\000e\000r\000t\000i\000e\000s\000\040\000a\000n\000d\000\040\000M\000o\000d\000u\000l\000a\000r\000\040\000A\000r\000i\000t\000h\000m\000e\000t\000i\000c}{chapter.2}% 12
\BOOKMARK [0][]{chapter.3}{\376\377\0003\000\040\000N\000u\000m\000e\000r\000a\000l\000\040\000S\000y\000s\000t\000e\000m\000s}{}% 13
\BOOKMARK [1][]{section.3.1}{\376\377\0003\000.\0001\000\040\000B\000i\000n\000a\000r\000y\000\040\000N\000u\000m\000b\000e\000r\000s}{chapter.3}% 14
\BOOKMARK [1][]{section.3.2}{\376\377\0003\000.\0002\000\040\000O\000c\000t\000a\000l\000\040\000a\000n\000d\000\040\000H\000e\000x\000a\000d\000e\000c\000i\000m\000a\000l}{chapter.3}% 15
\BOOKMARK [1][]{section.3.3}{\376\377\0003\000.\0003\000\040\000C\000o\000n\000v\000e\000r\000t\000i\000n\000g\000\040\000B\000e\000t\000w\000e\000e\000n\000\040\000S\000y\000s\000t\000e\000m\000s}{chapter.3}% 16
\BOOKMARK [0][]{chapter.4}{\376\377\0004\000\040\000B\000o\000o\000l\000e\000a\000n\000\040\000A\000l\000g\000e\000b\000r\000a}{}% 17
\BOOKMARK [1][]{section.4.1}{\376\377\0004\000.\0001\000\040\000I\000n\000t\000r\000o\000d\000u\000c\000t\000i\000o\000n\000\040\000t\000o\000\040\000B\000o\000o\000l\000e\000a\000n\000\040\000A\000l\000g\000e\000b\000r\000a}{chapter.4}% 18
\BOOKMARK [1][]{section.4.2}{\376\377\0004\000.\0002\000\040\000B\000a\000s\000i\000c\000\040\000O\000p\000e\000r\000a\000t\000i\000o\000n\000s\000\040\000o\000n\000\040\000B\000i\000t\000s}{chapter.4}% 19
\BOOKMARK [1][]{section.4.3}{\376\377\0004\000.\0003\000\040\000B\000o\000o\000l\000e\000a\000n\000\040\000F\000u\000n\000c\000t\000i\000o\000n\000s}{chapter.4}% 20
\BOOKMARK [1][]{section.4.4}{\376\377\0004\000.\0004\000\040\000L\000o\000g\000i\000c\000\040\000G\000a\000t\000e\000s}{chapter.4}% 21
\BOOKMARK [0][]{chapter.5}{\376\377\0005\000\040\000C\000o\000m\000b\000i\000n\000a\000t\000o\000r\000i\000c\000s\000\040\000a\000n\000d\000\040\000P\000r\000o\000b\000a\000b\000i\000l\000i\000t\000y\000\040\000T\000h\000e\000o\000r\000y}{}% 22
\BOOKMARK [1][]{section.5.1}{\376\377\0005\000.\0001\000\040\000S\000a\000m\000p\000l\000e\000\040\000S\000p\000a\000c\000e\000\040\000a\000n\000d\000\040\000E\000v\000e\000n\000t\000s}{chapter.5}% 23
\BOOKMARK [1][]{section.5.2}{\376\377\0005\000.\0002\000\040\000T\000y\000p\000e\000s\000\040\000o\000f\000\040\000E\000v\000e\000n\000t\000s\000\040\000i\000n\000\040\000P\000r\000o\000b\000a\000b\000i\000l\000i\000t\000y\000\040\000T\000h\000e\000o\000r\000y}{chapter.5}% 24
\BOOKMARK [1][]{section.5.3}{\376\377\0005\000.\0003\000\040\000C\000o\000u\000n\000t\000i\000n\000g\000\040\000P\000r\000i\000n\000c\000i\000p\000l\000e\000s}{chapter.5}% 25
\BOOKMARK [1][]{section.5.4}{\376\377\0005\000.\0004\000\040\000P\000r\000o\000b\000a\000b\000i\000l\000i\000t\000y\000\040\000B\000a\000s\000i\000c\000s}{chapter.5}% 26
\BOOKMARK [1][]{section.5.5}{\376\377\0005\000.\0005\000\040\000P\000r\000o\000b\000a\000b\000i\000l\000i\000t\000y\000\040\000o\000f\000\040\000J\000o\000i\000n\000t\000\040\000E\000v\000e\000n\000t\000s\000\040\000a\000n\000d\000\040\000S\000e\000t\000\040\000O\000p\000e\000r\000a\000t\000i\000o\000n\000s}{chapter.5}% 27
\BOOKMARK [0][]{chapter.6}{\376\377\0006\000\040\000C\000o\000n\000d\000i\000t\000i\000o\000n\000a\000l\000\040\000P\000r\000o\000b\000a\000b\000i\000l\000i\000t\000y\000\040\000a\000n\000d\000\040\000B\000a\000y\000e\000s\000'\000\040\000T\000h\000e\000o\000r\000e\000m}{}% 28
\BOOKMARK [1][]{section.6.1}{\376\377\0006\000.\0001\000\040\000C\000o\000n\000d\000i\000t\000i\000o\000n\000a\000l\000\040\000P\000r\000o\000b\000a\000b\000i\000l\000i\000t\000y}{chapter.6}% 29
\BOOKMARK [1][]{section.6.2}{\376\377\0006\000.\0002\000\040\000M\000u\000l\000t\000i\000p\000l\000i\000c\000a\000t\000i\000o\000n\000\040\000a\000n\000d\000\040\000T\000o\000t\000a\000l\000\040\000P\000r\000o\000b\000a\000b\000i\000l\000i\000t\000y\000\040\000R\000u\000l\000e\000s}{chapter.6}% 30
\BOOKMARK [1][]{section.6.3}{\376\377\0006\000.\0003\000\040\000I\000n\000d\000e\000p\000e\000n\000d\000e\000n\000c\000e}{chapter.6}% 31
\BOOKMARK [1][]{section.6.4}{\376\377\0006\000.\0004\000\040\000B\000a\000y\000e\000s\000'\000\040\000T\000h\000e\000o\000r\000e\000m}{chapter.6}% 32
\BOOKMARK [0][]{chapter.7}{\376\377\0007\000\040\000L\000i\000n\000e\000a\000r\000\040\000E\000q\000u\000a\000t\000i\000o\000n\000s\000\040\000i\000n\000\040\000L\000i\000n\000e\000a\000r\000\040\000A\000l\000g\000e\000b\000r\000a}{}% 33
\BOOKMARK [1][]{section.7.1}{\376\377\0007\000.\0001\000\040\000S\000y\000s\000t\000e\000m\000s\000\040\000o\000f\000\040\000L\000i\000n\000e\000a\000r\000\040\000E\000q\000u\000a\000t\000i\000o\000n\000s}{chapter.7}% 34
\BOOKMARK [1][]{section.7.2}{\376\377\0007\000.\0002\000\040\000E\000l\000e\000m\000e\000n\000t\000a\000r\000y\000\040\000R\000o\000w\000\040\000O\000p\000e\000r\000a\000t\000i\000o\000n\000s\000\040\000a\000n\000d\000\040\000E\000c\000h\000e\000l\000o\000n\000\040\000F\000o\000r\000m\000s}{chapter.7}% 35
\BOOKMARK [0][]{chapter.8}{\376\377\0008\000\040\000V\000e\000c\000t\000o\000r\000s\000\040\000a\000n\000d\000\040\000M\000a\000t\000r\000i\000c\000e\000s}{}% 36
\BOOKMARK [1][]{section.8.1}{\376\377\0008\000.\0001\000\040\000V\000e\000c\000t\000o\000r\000s\000\040\000i\000n\000\040\000R\0002\000\040\000a\000n\000d\000\040\000R\000n}{chapter.8}% 37
\BOOKMARK [1][]{section.8.2}{\376\377\0008\000.\0002\000\040\000M\000a\000t\000r\000i\000x\000\040\000E\000q\000u\000a\000t\000i\000o\000n\000s}{chapter.8}% 38
\BOOKMARK [1][]{section.8.3}{\376\377\0008\000.\0003\000\040\000S\000o\000l\000u\000t\000i\000o\000n\000\040\000S\000e\000t\000s\000\040\000o\000f\000\040\000L\000i\000n\000e\000a\000r\000\040\000S\000y\000s\000t\000e\000m\000s}{chapter.8}% 39
\BOOKMARK [1][]{section.8.4}{\376\377\0008\000.\0004\000\040\000L\000i\000n\000e\000a\000r\000\040\000I\000n\000d\000e\000p\000e\000n\000d\000e\000n\000c\000e}{chapter.8}% 40
\BOOKMARK [0][]{chapter.9}{\376\377\0009\000\040\000M\000a\000t\000r\000i\000x\000\040\000A\000l\000g\000e\000b\000r\000a}{}% 41
\BOOKMARK [1][]{section.9.1}{\376\377\0009\000.\0001\000\040\000M\000a\000t\000r\000i\000x\000\040\000A\000r\000i\000t\000h\000m\000e\000t\000i\000c}{chapter.9}% 42
\BOOKMARK [1][]{section.9.2}{\376\377\0009\000.\0002\000\040\000M\000a\000t\000r\000i\000x\000\040\000T\000r\000a\000n\000s\000p\000o\000s\000e}{chapter.9}% 43
\BOOKMARK [1][]{section.9.3}{\376\377\0009\000.\0003\000\040\000I\000n\000v\000e\000r\000t\000i\000b\000l\000e\000\040\000M\000a\000t\000r\000i\000c\000e\000s}{chapter.9}% 44
\BOOKMARK [1][]{section.9.4}{\376\377\0009\000.\0004\000\040\000T\000h\000e\000\040\000I\000n\000v\000e\000r\000t\000i\000b\000l\000e\000\040\000M\000a\000t\000r\000i\000x\000\040\000T\000h\000e\000o\000r\000e\000m}{chapter.9}% 45
\BOOKMARK [0][]{chapter.10}{\376\377\0001\0000\000\040\000T\000i\000m\000e\000\040\000C\000o\000m\000p\000l\000e\000x\000i\000t\000y}{}% 46
\BOOKMARK [1][]{section.10.1}{\376\377\0001\0000\000.\0001\000\040\000I\000n\000t\000r\000o\000d\000u\000c\000t\000i\000o\000n\000\040\000t\000o\000\040\000C\000o\000m\000p\000l\000e\000x\000i\000t\000y\000\040\000A\000n\000a\000l\000y\000s\000i\000s}{chapter.10}% 47
\BOOKMARK [1][]{section.10.2}{\376\377\0001\0000\000.\0002\000\040\000G\000r\000o\000w\000t\000h\000\040\000o\000f\000\040\000F\000u\000n\000c\000t\000i\000o\000n\000s}{chapter.10}% 48
\BOOKMARK [1][]{section.10.3}{\376\377\0001\0000\000.\0003\000\040\000A\000s\000y\000m\000p\000t\000o\000t\000i\000c\000\040\000A\000n\000a\000l\000y\000s\000i\000s}{chapter.10}% 49
\BOOKMARK [1][]{section.10.4}{\376\377\0001\0000\000.\0004\000\040\000F\000u\000r\000t\000h\000e\000r\000\040\000A\000n\000a\000l\000y\000s\000i\000s}{chapter.10}% 50
\BOOKMARK [0][]{chapter.11}{\376\377\0001\0001\000\040\000C\000o\000d\000e\000\040\000A\000n\000a\000l\000y\000s\000i\000s\000\040\000T\000e\000c\000h\000n\000i\000q\000u\000e\000s}{}% 51
\BOOKMARK [1][]{section.11.1}{\376\377\0001\0001\000.\0001\000\040\000P\000s\000e\000u\000d\000o\000c\000o\000d\000e}{chapter.11}% 52
\BOOKMARK [1][]{section.11.2}{\376\377\0001\0001\000.\0002\000\040\000C\000o\000n\000s\000t\000r\000u\000c\000t\000\040\000A\000n\000a\000l\000y\000s\000i\000s}{chapter.11}% 53
\BOOKMARK [1][]{section.11.3}{\376\377\0001\0001\000.\0003\000\040\000L\000o\000o\000p\000\040\000A\000n\000a\000l\000y\000s\000i\000s}{chapter.11}% 54
\BOOKMARK [1][]{section.11.4}{\376\377\0001\0001\000.\0004\000\040\000C\000o\000d\000e\000\040\000A\000n\000a\000l\000y\000s\000i\000s}{chapter.11}% 55
\BOOKMARK [0][]{chapter*.45}{\376\377\000B\000i\000b\000l\000i\000o\000g\000r\000a\000p\000h\000y}{}% 56
\BOOKMARK [0][]{appendix.A}{\376\377\000A\000\040\000S\000u\000m\000m\000a\000t\000i\000o\000n}{}% 57
